[2016-12-02 22:42:41] local.ERROR: exception 'Symfony\Component\Console\Exception\RuntimeException' with message 'Not enough arguments (missing: "name").' in C:\xampp\htdocs\MCMScraper\MCMScraper\vendor\symfony\console\Input\Input.php:83
Stack trace:
#0 C:\xampp\htdocs\MCMScraper\MCMScraper\vendor\symfony\console\Command\Command.php(249): Symfony\Component\Console\Input\Input->validate()
#1 C:\xampp\htdocs\MCMScraper\MCMScraper\vendor\laravel\framework\src\Illuminate\Console\Command.php(155): Symfony\Component\Console\Command\Command->run(Object(Symfony\Component\Console\Input\ArgvInput), Object(Symfony\Component\Console\Output\ConsoleOutput))
#2 C:\xampp\htdocs\MCMScraper\MCMScraper\vendor\symfony\console\Application.php(820): Illuminate\Console\Command->run(Object(Symfony\Component\Console\Input\ArgvInput), Object(Symfony\Component\Console\Output\ConsoleOutput))
#3 C:\xampp\htdocs\MCMScraper\MCMScraper\vendor\symfony\console\Application.php(187): Symfony\Component\Console\Application->doRunCommand(Object(Illuminate\Foundation\Console\ConsoleMakeCommand), Object(Symfony\Component\Console\Input\ArgvInput), Object(Symfony\Component\Console\Output\ConsoleOutput))
#4 C:\xampp\htdocs\MCMScraper\MCMScraper\vendor\symfony\console\Application.php(118): Symfony\Component\Console\Application->doRun(Object(Symfony\Component\Console\Input\ArgvInput), Object(Symfony\Component\Console\Output\ConsoleOutput))
#5 C:\xampp\htdocs\MCMScraper\MCMScraper\vendor\laravel\framework\src\Illuminate\Foundation\Console\Kernel.php(121): Symfony\Component\Console\Application->run(Object(Symfony\Component\Console\Input\ArgvInput), Object(Symfony\Component\Console\Output\ConsoleOutput))
#6 C:\xampp\htdocs\MCMScraper\MCMScraper\artisan(36): Illuminate\Foundation\Console\Kernel->handle(Object(Symfony\Component\Console\Input\ArgvInput), Object(Symfony\Component\Console\Output\ConsoleOutput))
#7 {main}  
[2016-12-02 23:24:34] local.ERROR: exception 'ReflectionException' with message 'Class Commands\UserListScraper does not exist' in C:\xampp\htdocs\MCMScraper\MCMScraper\vendor\laravel\framework\src\Illuminate\Container\Container.php:749
Stack trace:
#0 C:\xampp\htdocs\MCMScraper\MCMScraper\vendor\laravel\framework\src\Illuminate\Container\Container.php(749): ReflectionClass->__construct('Commands\\UserLi...')
#1 C:\xampp\htdocs\MCMScraper\MCMScraper\vendor\laravel\framework\src\Illuminate\Container\Container.php(644): Illuminate\Container\Container->build('Commands\\UserLi...', Array)
#2 C:\xampp\htdocs\MCMScraper\MCMScraper\vendor\laravel\framework\src\Illuminate\Foundation\Application.php(709): Illuminate\Container\Container->make('Commands\\UserLi...', Array)
#3 C:\xampp\htdocs\MCMScraper\MCMScraper\vendor\laravel\framework\src\Illuminate\Console\Application.php(148): Illuminate\Foundation\Application->make('Commands\\UserLi...')
#4 C:\xampp\htdocs\MCMScraper\MCMScraper\vendor\laravel\framework\src\Illuminate\Console\Application.php(162): Illuminate\Console\Application->resolve('Commands\\UserLi...')
#5 C:\xampp\htdocs\MCMScraper\MCMScraper\vendor\laravel\framework\src\Illuminate\Foundation\Console\Kernel.php(285): Illuminate\Console\Application->resolveCommands(Array)
#6 C:\xampp\htdocs\MCMScraper\MCMScraper\vendor\laravel\framework\src\Illuminate\Foundation\Console\Kernel.php(121): Illuminate\Foundation\Console\Kernel->getArtisan()
#7 C:\xampp\htdocs\MCMScraper\MCMScraper\artisan(36): Illuminate\Foundation\Console\Kernel->handle(Object(Symfony\Component\Console\Input\ArgvInput), Object(Symfony\Component\Console\Output\ConsoleOutput))
#8 {main}  
[2016-12-02 23:24:37] local.ERROR: exception 'ReflectionException' with message 'Class Commands\UserListScraper does not exist' in C:\xampp\htdocs\MCMScraper\MCMScraper\vendor\laravel\framework\src\Illuminate\Container\Container.php:749
Stack trace:
#0 C:\xampp\htdocs\MCMScraper\MCMScraper\vendor\laravel\framework\src\Illuminate\Container\Container.php(749): ReflectionClass->__construct('Commands\\UserLi...')
#1 C:\xampp\htdocs\MCMScraper\MCMScraper\vendor\laravel\framework\src\Illuminate\Container\Container.php(644): Illuminate\Container\Container->build('Commands\\UserLi...', Array)
#2 C:\xampp\htdocs\MCMScraper\MCMScraper\vendor\laravel\framework\src\Illuminate\Foundation\Application.php(709): Illuminate\Container\Container->make('Commands\\UserLi...', Array)
#3 C:\xampp\htdocs\MCMScraper\MCMScraper\vendor\laravel\framework\src\Illuminate\Console\Application.php(148): Illuminate\Foundation\Application->make('Commands\\UserLi...')
#4 C:\xampp\htdocs\MCMScraper\MCMScraper\vendor\laravel\framework\src\Illuminate\Console\Application.php(162): Illuminate\Console\Application->resolve('Commands\\UserLi...')
#5 C:\xampp\htdocs\MCMScraper\MCMScraper\vendor\laravel\framework\src\Illuminate\Foundation\Console\Kernel.php(285): Illuminate\Console\Application->resolveCommands(Array)
#6 C:\xampp\htdocs\MCMScraper\MCMScraper\vendor\laravel\framework\src\Illuminate\Foundation\Console\Kernel.php(121): Illuminate\Foundation\Console\Kernel->getArtisan()
#7 C:\xampp\htdocs\MCMScraper\MCMScraper\artisan(36): Illuminate\Foundation\Console\Kernel->handle(Object(Symfony\Component\Console\Input\ArgvInput), Object(Symfony\Component\Console\Output\ConsoleOutput))
#8 {main}  
[2016-12-02 23:25:27] local.ERROR: exception 'ReflectionException' with message 'Class Commands\UserListScraper does not exist' in C:\xampp\htdocs\MCMScraper\MCMScraper\vendor\laravel\framework\src\Illuminate\Container\Container.php:749
Stack trace:
#0 C:\xampp\htdocs\MCMScraper\MCMScraper\vendor\laravel\framework\src\Illuminate\Container\Container.php(749): ReflectionClass->__construct('Commands\\UserLi...')
#1 C:\xampp\htdocs\MCMScraper\MCMScraper\vendor\laravel\framework\src\Illuminate\Container\Container.php(644): Illuminate\Container\Container->build('Commands\\UserLi...', Array)
#2 C:\xampp\htdocs\MCMScraper\MCMScraper\vendor\laravel\framework\src\Illuminate\Foundation\Application.php(709): Illuminate\Container\Container->make('Commands\\UserLi...', Array)
#3 C:\xampp\htdocs\MCMScraper\MCMScraper\vendor\laravel\framework\src\Illuminate\Console\Application.php(148): Illuminate\Foundation\Application->make('Commands\\UserLi...')
#4 C:\xampp\htdocs\MCMScraper\MCMScraper\vendor\laravel\framework\src\Illuminate\Console\Application.php(162): Illuminate\Console\Application->resolve('Commands\\UserLi...')
#5 C:\xampp\htdocs\MCMScraper\MCMScraper\vendor\laravel\framework\src\Illuminate\Foundation\Console\Kernel.php(285): Illuminate\Console\Application->resolveCommands(Array)
#6 C:\xampp\htdocs\MCMScraper\MCMScraper\vendor\laravel\framework\src\Illuminate\Foundation\Console\Kernel.php(121): Illuminate\Foundation\Console\Kernel->getArtisan()
#7 C:\xampp\htdocs\MCMScraper\MCMScraper\artisan(36): Illuminate\Foundation\Console\Kernel->handle(Object(Symfony\Component\Console\Input\ArgvInput), Object(Symfony\Component\Console\Output\ConsoleOutput))
#8 {main}  
[2016-12-02 23:26:10] local.ERROR: exception 'ReflectionException' with message 'Class Commands\UserListScraper does not exist' in C:\xampp\htdocs\MCMScraper\MCMScraper\vendor\laravel\framework\src\Illuminate\Container\Container.php:749
Stack trace:
#0 C:\xampp\htdocs\MCMScraper\MCMScraper\vendor\laravel\framework\src\Illuminate\Container\Container.php(749): ReflectionClass->__construct('Commands\\UserLi...')
#1 C:\xampp\htdocs\MCMScraper\MCMScraper\vendor\laravel\framework\src\Illuminate\Container\Container.php(644): Illuminate\Container\Container->build('Commands\\UserLi...', Array)
#2 C:\xampp\htdocs\MCMScraper\MCMScraper\vendor\laravel\framework\src\Illuminate\Foundation\Application.php(709): Illuminate\Container\Container->make('Commands\\UserLi...', Array)
#3 C:\xampp\htdocs\MCMScraper\MCMScraper\vendor\laravel\framework\src\Illuminate\Console\Application.php(148): Illuminate\Foundation\Application->make('Commands\\UserLi...')
#4 C:\xampp\htdocs\MCMScraper\MCMScraper\vendor\laravel\framework\src\Illuminate\Console\Application.php(162): Illuminate\Console\Application->resolve('Commands\\UserLi...')
#5 C:\xampp\htdocs\MCMScraper\MCMScraper\vendor\laravel\framework\src\Illuminate\Foundation\Console\Kernel.php(285): Illuminate\Console\Application->resolveCommands(Array)
#6 C:\xampp\htdocs\MCMScraper\MCMScraper\vendor\laravel\framework\src\Illuminate\Foundation\Console\Kernel.php(121): Illuminate\Foundation\Console\Kernel->getArtisan()
#7 C:\xampp\htdocs\MCMScraper\MCMScraper\artisan(36): Illuminate\Foundation\Console\Kernel->handle(Object(Symfony\Component\Console\Input\ArgvInput), Object(Symfony\Component\Console\Output\ConsoleOutput))
#8 {main}  
[2016-12-02 23:28:32] local.ERROR: exception 'ReflectionException' with message 'Class App\Console\Commands\DripEmailer does not exist' in C:\xampp\htdocs\MCMScraper\MCMScraper\vendor\laravel\framework\src\Illuminate\Container\Container.php:809
Stack trace:
#0 C:\xampp\htdocs\MCMScraper\MCMScraper\vendor\laravel\framework\src\Illuminate\Container\Container.php(809): ReflectionParameter->getClass()
#1 C:\xampp\htdocs\MCMScraper\MCMScraper\vendor\laravel\framework\src\Illuminate\Container\Container.php(790): Illuminate\Container\Container->getDependencies(Array, Array)
#2 C:\xampp\htdocs\MCMScraper\MCMScraper\vendor\laravel\framework\src\Illuminate\Container\Container.php(644): Illuminate\Container\Container->build('App\\Console\\Com...', Array)
#3 C:\xampp\htdocs\MCMScraper\MCMScraper\vendor\laravel\framework\src\Illuminate\Foundation\Application.php(709): Illuminate\Container\Container->make('App\\Console\\Com...', Array)
#4 C:\xampp\htdocs\MCMScraper\MCMScraper\vendor\laravel\framework\src\Illuminate\Console\Application.php(148): Illuminate\Foundation\Application->make('App\\Console\\Com...')
#5 C:\xampp\htdocs\MCMScraper\MCMScraper\vendor\laravel\framework\src\Illuminate\Console\Application.php(162): Illuminate\Console\Application->resolve('App\\Console\\Com...')
#6 C:\xampp\htdocs\MCMScraper\MCMScraper\vendor\laravel\framework\src\Illuminate\Foundation\Console\Kernel.php(285): Illuminate\Console\Application->resolveCommands(Array)
#7 C:\xampp\htdocs\MCMScraper\MCMScraper\vendor\laravel\framework\src\Illuminate\Foundation\Console\Kernel.php(121): Illuminate\Foundation\Console\Kernel->getArtisan()
#8 C:\xampp\htdocs\MCMScraper\MCMScraper\artisan(36): Illuminate\Foundation\Console\Kernel->handle(Object(Symfony\Component\Console\Input\ArgvInput), Object(Symfony\Component\Console\Output\ConsoleOutput))
#9 {main}  
[2016-12-03 01:09:01] local.ERROR: exception 'ReflectionException' with message 'Class App\Console\Commands\UserListScraper does not exist' in C:\xampp\htdocs\MCMScraper\MCMScraper\vendor\laravel\framework\src\Illuminate\Container\Container.php:749
Stack trace:
#0 C:\xampp\htdocs\MCMScraper\MCMScraper\vendor\laravel\framework\src\Illuminate\Container\Container.php(749): ReflectionClass->__construct('App\\Console\\Com...')
#1 C:\xampp\htdocs\MCMScraper\MCMScraper\vendor\laravel\framework\src\Illuminate\Container\Container.php(644): Illuminate\Container\Container->build('App\\Console\\Com...', Array)
#2 C:\xampp\htdocs\MCMScraper\MCMScraper\vendor\laravel\framework\src\Illuminate\Foundation\Application.php(709): Illuminate\Container\Container->make('App\\Console\\Com...', Array)
#3 C:\xampp\htdocs\MCMScraper\MCMScraper\vendor\laravel\framework\src\Illuminate\Console\Application.php(148): Illuminate\Foundation\Application->make('App\\Console\\Com...')
#4 C:\xampp\htdocs\MCMScraper\MCMScraper\vendor\laravel\framework\src\Illuminate\Console\Application.php(162): Illuminate\Console\Application->resolve('App\\Console\\Com...')
#5 C:\xampp\htdocs\MCMScraper\MCMScraper\vendor\laravel\framework\src\Illuminate\Foundation\Console\Kernel.php(285): Illuminate\Console\Application->resolveCommands(Array)
#6 C:\xampp\htdocs\MCMScraper\MCMScraper\vendor\laravel\framework\src\Illuminate\Foundation\Console\Kernel.php(121): Illuminate\Foundation\Console\Kernel->getArtisan()
#7 C:\xampp\htdocs\MCMScraper\MCMScraper\artisan(36): Illuminate\Foundation\Console\Kernel->handle(Object(Symfony\Component\Console\Input\ArgvInput), Object(Symfony\Component\Console\Output\ConsoleOutput))
#8 {main}  
[2016-12-03 01:09:11] local.ERROR: exception 'ReflectionException' with message 'Class App\Console\Commands\UserListScraper does not exist' in C:\xampp\htdocs\MCMScraper\MCMScraper\vendor\laravel\framework\src\Illuminate\Container\Container.php:749
Stack trace:
#0 C:\xampp\htdocs\MCMScraper\MCMScraper\vendor\laravel\framework\src\Illuminate\Container\Container.php(749): ReflectionClass->__construct('App\\Console\\Com...')
#1 C:\xampp\htdocs\MCMScraper\MCMScraper\vendor\laravel\framework\src\Illuminate\Container\Container.php(644): Illuminate\Container\Container->build('App\\Console\\Com...', Array)
#2 C:\xampp\htdocs\MCMScraper\MCMScraper\vendor\laravel\framework\src\Illuminate\Foundation\Application.php(709): Illuminate\Container\Container->make('App\\Console\\Com...', Array)
#3 C:\xampp\htdocs\MCMScraper\MCMScraper\vendor\laravel\framework\src\Illuminate\Console\Application.php(148): Illuminate\Foundation\Application->make('App\\Console\\Com...')
#4 C:\xampp\htdocs\MCMScraper\MCMScraper\vendor\laravel\framework\src\Illuminate\Console\Application.php(162): Illuminate\Console\Application->resolve('App\\Console\\Com...')
#5 C:\xampp\htdocs\MCMScraper\MCMScraper\vendor\laravel\framework\src\Illuminate\Foundation\Console\Kernel.php(285): Illuminate\Console\Application->resolveCommands(Array)
#6 C:\xampp\htdocs\MCMScraper\MCMScraper\vendor\laravel\framework\src\Illuminate\Foundation\Console\Kernel.php(121): Illuminate\Foundation\Console\Kernel->getArtisan()
#7 C:\xampp\htdocs\MCMScraper\MCMScraper\artisan(36): Illuminate\Foundation\Console\Kernel->handle(Object(Symfony\Component\Console\Input\ArgvInput), Object(Symfony\Component\Console\Output\ConsoleOutput))
#8 {main}  
[2016-12-03 05:58:03] local.ERROR: exception 'PDOException' with message 'SQLSTATE[HY000] [1045] Access denied for user 'homestead'@'localhost' (using password: YES)' in C:\xampp\htdocs\MCMScraper\MCMScraper\vendor\laravel\framework\src\Illuminate\Database\Connectors\Connector.php:119
Stack trace:
#0 C:\xampp\htdocs\MCMScraper\MCMScraper\vendor\laravel\framework\src\Illuminate\Database\Connectors\Connector.php(119): PDO->__construct('mysql:host=127....', 'homestead', 'secret', Array)
#1 C:\xampp\htdocs\MCMScraper\MCMScraper\vendor\laravel\framework\src\Illuminate\Database\Connectors\Connector.php(56): Illuminate\Database\Connectors\Connector->createPdoConnection('mysql:host=127....', 'homestead', 'secret', Array)
#2 C:\xampp\htdocs\MCMScraper\MCMScraper\vendor\laravel\framework\src\Illuminate\Database\Connectors\MySqlConnector.php(24): Illuminate\Database\Connectors\Connector->createConnection('mysql:host=127....', Array, Array)
#3 C:\xampp\htdocs\MCMScraper\MCMScraper\vendor\laravel\framework\src\Illuminate\Database\Connectors\ConnectionFactory.php(126): Illuminate\Database\Connectors\MySqlConnector->connect(Array)
#4 [internal function]: Illuminate\Database\Connectors\ConnectionFactory->Illuminate\Database\Connectors\{closure}()
#5 C:\xampp\htdocs\MCMScraper\MCMScraper\vendor\laravel\framework\src\Illuminate\Database\Connection.php(964): call_user_func(Object(Closure))
#6 C:\xampp\htdocs\MCMScraper\MCMScraper\vendor\laravel\framework\src\Illuminate\Database\Connection.php(985): Illuminate\Database\Connection->getPdo()
#7 C:\xampp\htdocs\MCMScraper\MCMScraper\vendor\laravel\framework\src\Illuminate\Database\Connection.php(422): Illuminate\Database\Connection->getReadPdo()
#8 C:\xampp\htdocs\MCMScraper\MCMScraper\vendor\laravel\framework\src\Illuminate\Database\Connection.php(332): Illuminate\Database\Connection->getPdoForSelect(true)
#9 C:\xampp\htdocs\MCMScraper\MCMScraper\vendor\laravel\framework\src\Illuminate\Database\Connection.php(762): Illuminate\Database\Connection->Illuminate\Database\{closure}(Object(Illuminate\Database\MySqlConnection), 'select * from i...', Array)
#10 C:\xampp\htdocs\MCMScraper\MCMScraper\vendor\laravel\framework\src\Illuminate\Database\Connection.php(725): Illuminate\Database\Connection->runQueryCallback('select * from i...', Array, Object(Closure))
#11 C:\xampp\htdocs\MCMScraper\MCMScraper\vendor\laravel\framework\src\Illuminate\Database\Connection.php(350): Illuminate\Database\Connection->run('select * from i...', Array, Object(Closure))
#12 C:\xampp\htdocs\MCMScraper\MCMScraper\vendor\laravel\framework\src\Illuminate\Database\Schema\MySqlBuilder.php(21): Illuminate\Database\Connection->select('select * from i...', Array)
#13 C:\xampp\htdocs\MCMScraper\MCMScraper\vendor\laravel\framework\src\Illuminate\Database\Migrations\DatabaseMigrationRepository.php(156): Illuminate\Database\Schema\MySqlBuilder->hasTable('migrations')
#14 C:\xampp\htdocs\MCMScraper\MCMScraper\vendor\laravel\framework\src\Illuminate\Database\Migrations\Migrator.php(515): Illuminate\Database\Migrations\DatabaseMigrationRepository->repositoryExists()
#15 C:\xampp\htdocs\MCMScraper\MCMScraper\vendor\laravel\framework\src\Illuminate\Database\Console\Migrations\ResetCommand.php(63): Illuminate\Database\Migrations\Migrator->repositoryExists()
#16 [internal function]: Illuminate\Database\Console\Migrations\ResetCommand->fire()
#17 C:\xampp\htdocs\MCMScraper\MCMScraper\vendor\laravel\framework\src\Illuminate\Container\Container.php(508): call_user_func_array(Array, Array)
#18 C:\xampp\htdocs\MCMScraper\MCMScraper\vendor\laravel\framework\src\Illuminate\Console\Command.php(169): Illuminate\Container\Container->call(Array)
#19 C:\xampp\htdocs\MCMScraper\MCMScraper\vendor\symfony\console\Command\Command.php(254): Illuminate\Console\Command->execute(Object(Symfony\Component\Console\Input\ArgvInput), Object(Symfony\Component\Console\Output\ConsoleOutput))
#20 C:\xampp\htdocs\MCMScraper\MCMScraper\vendor\laravel\framework\src\Illuminate\Console\Command.php(155): Symfony\Component\Console\Command\Command->run(Object(Symfony\Component\Console\Input\ArgvInput), Object(Symfony\Component\Console\Output\ConsoleOutput))
#21 C:\xampp\htdocs\MCMScraper\MCMScraper\vendor\symfony\console\Application.php(820): Illuminate\Console\Command->run(Object(Symfony\Component\Console\Input\ArgvInput), Object(Symfony\Component\Console\Output\ConsoleOutput))
#22 C:\xampp\htdocs\MCMScraper\MCMScraper\vendor\symfony\console\Application.php(187): Symfony\Component\Console\Application->doRunCommand(Object(Illuminate\Database\Console\Migrations\ResetCommand), Object(Symfony\Component\Console\Input\ArgvInput), Object(Symfony\Component\Console\Output\ConsoleOutput))
#23 C:\xampp\htdocs\MCMScraper\MCMScraper\vendor\symfony\console\Application.php(118): Symfony\Component\Console\Application->doRun(Object(Symfony\Component\Console\Input\ArgvInput), Object(Symfony\Component\Console\Output\ConsoleOutput))
#24 C:\xampp\htdocs\MCMScraper\MCMScraper\vendor\laravel\framework\src\Illuminate\Foundation\Console\Kernel.php(121): Symfony\Component\Console\Application->run(Object(Symfony\Component\Console\Input\ArgvInput), Object(Symfony\Component\Console\Output\ConsoleOutput))
#25 C:\xampp\htdocs\MCMScraper\MCMScraper\artisan(36): Illuminate\Foundation\Console\Kernel->handle(Object(Symfony\Component\Console\Input\ArgvInput), Object(Symfony\Component\Console\Output\ConsoleOutput))
#26 {main}  
[2016-12-03 05:58:03] local.ERROR: exception 'PDOException' with message 'SQLSTATE[HY000] [1045] Access denied for user 'homestead'@'localhost' (using password: YES)' in C:\xampp\htdocs\MCMScraper\MCMScraper\vendor\laravel\framework\src\Illuminate\Database\Connectors\Connector.php:119
Stack trace:
#0 C:\xampp\htdocs\MCMScraper\MCMScraper\vendor\laravel\framework\src\Illuminate\Database\Connectors\Connector.php(119): PDO->__construct('mysql:host=127....', 'homestead', 'secret', Array)
#1 C:\xampp\htdocs\MCMScraper\MCMScraper\vendor\laravel\framework\src\Illuminate\Database\Connectors\Connector.php(56): Illuminate\Database\Connectors\Connector->createPdoConnection('mysql:host=127....', 'homestead', 'secret', Array)
#2 C:\xampp\htdocs\MCMScraper\MCMScraper\vendor\laravel\framework\src\Illuminate\Database\Connectors\MySqlConnector.php(24): Illuminate\Database\Connectors\Connector->createConnection('mysql:host=127....', Array, Array)
#3 C:\xampp\htdocs\MCMScraper\MCMScraper\vendor\laravel\framework\src\Illuminate\Database\Connectors\ConnectionFactory.php(126): Illuminate\Database\Connectors\MySqlConnector->connect(Array)
#4 [internal function]: Illuminate\Database\Connectors\ConnectionFactory->Illuminate\Database\Connectors\{closure}()
#5 C:\xampp\htdocs\MCMScraper\MCMScraper\vendor\laravel\framework\src\Illuminate\Database\Connection.php(964): call_user_func(Object(Closure))
#6 C:\xampp\htdocs\MCMScraper\MCMScraper\vendor\laravel\framework\src\Illuminate\Database\Connection.php(985): Illuminate\Database\Connection->getPdo()
#7 C:\xampp\htdocs\MCMScraper\MCMScraper\vendor\laravel\framework\src\Illuminate\Database\Connection.php(422): Illuminate\Database\Connection->getReadPdo()
#8 C:\xampp\htdocs\MCMScraper\MCMScraper\vendor\laravel\framework\src\Illuminate\Database\Connection.php(332): Illuminate\Database\Connection->getPdoForSelect(true)
#9 C:\xampp\htdocs\MCMScraper\MCMScraper\vendor\laravel\framework\src\Illuminate\Database\Connection.php(762): Illuminate\Database\Connection->Illuminate\Database\{closure}(Object(Illuminate\Database\MySqlConnection), 'select * from i...', Array)
#10 C:\xampp\htdocs\MCMScraper\MCMScraper\vendor\laravel\framework\src\Illuminate\Database\Connection.php(725): Illuminate\Database\Connection->runQueryCallback('select * from i...', Array, Object(Closure))
#11 C:\xampp\htdocs\MCMScraper\MCMScraper\vendor\laravel\framework\src\Illuminate\Database\Connection.php(350): Illuminate\Database\Connection->run('select * from i...', Array, Object(Closure))
#12 C:\xampp\htdocs\MCMScraper\MCMScraper\vendor\laravel\framework\src\Illuminate\Database\Schema\MySqlBuilder.php(21): Illuminate\Database\Connection->select('select * from i...', Array)
#13 C:\xampp\htdocs\MCMScraper\MCMScraper\vendor\laravel\framework\src\Illuminate\Database\Migrations\DatabaseMigrationRepository.php(156): Illuminate\Database\Schema\MySqlBuilder->hasTable('migrations')
#14 C:\xampp\htdocs\MCMScraper\MCMScraper\vendor\laravel\framework\src\Illuminate\Database\Migrations\Migrator.php(515): Illuminate\Database\Migrations\DatabaseMigrationRepository->repositoryExists()
#15 C:\xampp\htdocs\MCMScraper\MCMScraper\vendor\laravel\framework\src\Illuminate\Database\Console\Migrations\ResetCommand.php(63): Illuminate\Database\Migrations\Migrator->repositoryExists()
#16 [internal function]: Illuminate\Database\Console\Migrations\ResetCommand->fire()
#17 C:\xampp\htdocs\MCMScraper\MCMScraper\vendor\laravel\framework\src\Illuminate\Container\Container.php(508): call_user_func_array(Array, Array)
#18 C:\xampp\htdocs\MCMScraper\MCMScraper\vendor\laravel\framework\src\Illuminate\Console\Command.php(169): Illuminate\Container\Container->call(Array)
#19 C:\xampp\htdocs\MCMScraper\MCMScraper\vendor\symfony\console\Command\Command.php(254): Illuminate\Console\Command->execute(Object(Symfony\Component\Console\Input\ArgvInput), Object(Symfony\Component\Console\Output\ConsoleOutput))
#20 C:\xampp\htdocs\MCMScraper\MCMScraper\vendor\laravel\framework\src\Illuminate\Console\Command.php(155): Symfony\Component\Console\Command\Command->run(Object(Symfony\Component\Console\Input\ArgvInput), Object(Symfony\Component\Console\Output\ConsoleOutput))
#21 C:\xampp\htdocs\MCMScraper\MCMScraper\vendor\symfony\console\Application.php(820): Illuminate\Console\Command->run(Object(Symfony\Component\Console\Input\ArgvInput), Object(Symfony\Component\Console\Output\ConsoleOutput))
#22 C:\xampp\htdocs\MCMScraper\MCMScraper\vendor\symfony\console\Application.php(187): Symfony\Component\Console\Application->doRunCommand(Object(Illuminate\Database\Console\Migrations\ResetCommand), Object(Symfony\Component\Console\Input\ArgvInput), Object(Symfony\Component\Console\Output\ConsoleOutput))
#23 C:\xampp\htdocs\MCMScraper\MCMScraper\vendor\symfony\console\Application.php(118): Symfony\Component\Console\Application->doRun(Object(Symfony\Component\Console\Input\ArgvInput), Object(Symfony\Component\Console\Output\ConsoleOutput))
#24 C:\xampp\htdocs\MCMScraper\MCMScraper\vendor\laravel\framework\src\Illuminate\Foundation\Console\Kernel.php(121): Symfony\Component\Console\Application->run(Object(Symfony\Component\Console\Input\ArgvInput), Object(Symfony\Component\Console\Output\ConsoleOutput))
#25 C:\xampp\htdocs\MCMScraper\MCMScraper\artisan(36): Illuminate\Foundation\Console\Kernel->handle(Object(Symfony\Component\Console\Input\ArgvInput), Object(Symfony\Component\Console\Output\ConsoleOutput))
#26 {main}

Next exception 'Illuminate\Database\QueryException' with message 'SQLSTATE[HY000] [1045] Access denied for user 'homestead'@'localhost' (using password: YES) (SQL: select * from information_schema.tables where table_schema = homestead and table_name = migrations)' in C:\xampp\htdocs\MCMScraper\MCMScraper\vendor\laravel\framework\src\Illuminate\Database\Connection.php:769
Stack trace:
#0 C:\xampp\htdocs\MCMScraper\MCMScraper\vendor\laravel\framework\src\Illuminate\Database\Connection.php(725): Illuminate\Database\Connection->runQueryCallback('select * from i...', Array, Object(Closure))
#1 C:\xampp\htdocs\MCMScraper\MCMScraper\vendor\laravel\framework\src\Illuminate\Database\Connection.php(350): Illuminate\Database\Connection->run('select * from i...', Array, Object(Closure))
#2 C:\xampp\htdocs\MCMScraper\MCMScraper\vendor\laravel\framework\src\Illuminate\Database\Schema\MySqlBuilder.php(21): Illuminate\Database\Connection->select('select * from i...', Array)
#3 C:\xampp\htdocs\MCMScraper\MCMScraper\vendor\laravel\framework\src\Illuminate\Database\Migrations\DatabaseMigrationRepository.php(156): Illuminate\Database\Schema\MySqlBuilder->hasTable('migrations')
#4 C:\xampp\htdocs\MCMScraper\MCMScraper\vendor\laravel\framework\src\Illuminate\Database\Migrations\Migrator.php(515): Illuminate\Database\Migrations\DatabaseMigrationRepository->repositoryExists()
#5 C:\xampp\htdocs\MCMScraper\MCMScraper\vendor\laravel\framework\src\Illuminate\Database\Console\Migrations\ResetCommand.php(63): Illuminate\Database\Migrations\Migrator->repositoryExists()
#6 [internal function]: Illuminate\Database\Console\Migrations\ResetCommand->fire()
#7 C:\xampp\htdocs\MCMScraper\MCMScraper\vendor\laravel\framework\src\Illuminate\Container\Container.php(508): call_user_func_array(Array, Array)
#8 C:\xampp\htdocs\MCMScraper\MCMScraper\vendor\laravel\framework\src\Illuminate\Console\Command.php(169): Illuminate\Container\Container->call(Array)
#9 C:\xampp\htdocs\MCMScraper\MCMScraper\vendor\symfony\console\Command\Command.php(254): Illuminate\Console\Command->execute(Object(Symfony\Component\Console\Input\ArgvInput), Object(Symfony\Component\Console\Output\ConsoleOutput))
#10 C:\xampp\htdocs\MCMScraper\MCMScraper\vendor\laravel\framework\src\Illuminate\Console\Command.php(155): Symfony\Component\Console\Command\Command->run(Object(Symfony\Component\Console\Input\ArgvInput), Object(Symfony\Component\Console\Output\ConsoleOutput))
#11 C:\xampp\htdocs\MCMScraper\MCMScraper\vendor\symfony\console\Application.php(820): Illuminate\Console\Command->run(Object(Symfony\Component\Console\Input\ArgvInput), Object(Symfony\Component\Console\Output\ConsoleOutput))
#12 C:\xampp\htdocs\MCMScraper\MCMScraper\vendor\symfony\console\Application.php(187): Symfony\Component\Console\Application->doRunCommand(Object(Illuminate\Database\Console\Migrations\ResetCommand), Object(Symfony\Component\Console\Input\ArgvInput), Object(Symfony\Component\Console\Output\ConsoleOutput))
#13 C:\xampp\htdocs\MCMScraper\MCMScraper\vendor\symfony\console\Application.php(118): Symfony\Component\Console\Application->doRun(Object(Symfony\Component\Console\Input\ArgvInput), Object(Symfony\Component\Console\Output\ConsoleOutput))
#14 C:\xampp\htdocs\MCMScraper\MCMScraper\vendor\laravel\framework\src\Illuminate\Foundation\Console\Kernel.php(121): Symfony\Component\Console\Application->run(Object(Symfony\Component\Console\Input\ArgvInput), Object(Symfony\Component\Console\Output\ConsoleOutput))
#15 C:\xampp\htdocs\MCMScraper\MCMScraper\artisan(36): Illuminate\Foundation\Console\Kernel->handle(Object(Symfony\Component\Console\Input\ArgvInput), Object(Symfony\Component\Console\Output\ConsoleOutput))
#16 {main}  
[2016-12-03 05:59:35] local.ERROR: exception 'InvalidArgumentException' with message 'A CreateMcmusersTable migration already exists.' in C:\xampp\htdocs\MCMScraper\MCMScraper\vendor\laravel\framework\src\Illuminate\Database\Migrations\MigrationCreator.php:76
Stack trace:
#0 C:\xampp\htdocs\MCMScraper\MCMScraper\vendor\laravel\framework\src\Illuminate\Database\Migrations\MigrationCreator.php(49): Illuminate\Database\Migrations\MigrationCreator->ensureMigrationDoesntAlreadyExist('create_mcmusers...')
#1 C:\xampp\htdocs\MCMScraper\MCMScraper\vendor\laravel\framework\src\Illuminate\Database\Console\Migrations\MigrateMakeCommand.php(98): Illuminate\Database\Migrations\MigrationCreator->create('create_mcmusers...', 'C:\\xampp\\htdocs...', 'mcmusers', 'mcmusers')
#2 C:\xampp\htdocs\MCMScraper\MCMScraper\vendor\laravel\framework\src\Illuminate\Database\Console\Migrations\MigrateMakeCommand.php(81): Illuminate\Database\Console\Migrations\MigrateMakeCommand->writeMigration('create_mcmusers...', 'mcmusers', 'mcmusers')
#3 [internal function]: Illuminate\Database\Console\Migrations\MigrateMakeCommand->fire()
#4 C:\xampp\htdocs\MCMScraper\MCMScraper\vendor\laravel\framework\src\Illuminate\Container\Container.php(508): call_user_func_array(Array, Array)
#5 C:\xampp\htdocs\MCMScraper\MCMScraper\vendor\laravel\framework\src\Illuminate\Console\Command.php(169): Illuminate\Container\Container->call(Array)
#6 C:\xampp\htdocs\MCMScraper\MCMScraper\vendor\symfony\console\Command\Command.php(254): Illuminate\Console\Command->execute(Object(Symfony\Component\Console\Input\ArgvInput), Object(Symfony\Component\Console\Output\ConsoleOutput))
#7 C:\xampp\htdocs\MCMScraper\MCMScraper\vendor\laravel\framework\src\Illuminate\Console\Command.php(155): Symfony\Component\Console\Command\Command->run(Object(Symfony\Component\Console\Input\ArgvInput), Object(Symfony\Component\Console\Output\ConsoleOutput))
#8 C:\xampp\htdocs\MCMScraper\MCMScraper\vendor\symfony\console\Application.php(820): Illuminate\Console\Command->run(Object(Symfony\Component\Console\Input\ArgvInput), Object(Symfony\Component\Console\Output\ConsoleOutput))
#9 C:\xampp\htdocs\MCMScraper\MCMScraper\vendor\symfony\console\Application.php(187): Symfony\Component\Console\Application->doRunCommand(Object(Illuminate\Database\Console\Migrations\MigrateMakeCommand), Object(Symfony\Component\Console\Input\ArgvInput), Object(Symfony\Component\Console\Output\ConsoleOutput))
#10 C:\xampp\htdocs\MCMScraper\MCMScraper\vendor\symfony\console\Application.php(118): Symfony\Component\Console\Application->doRun(Object(Symfony\Component\Console\Input\ArgvInput), Object(Symfony\Component\Console\Output\ConsoleOutput))
#11 C:\xampp\htdocs\MCMScraper\MCMScraper\vendor\laravel\framework\src\Illuminate\Foundation\Console\Kernel.php(121): Symfony\Component\Console\Application->run(Object(Symfony\Component\Console\Input\ArgvInput), Object(Symfony\Component\Console\Output\ConsoleOutput))
#12 C:\xampp\htdocs\MCMScraper\MCMScraper\artisan(36): Illuminate\Foundation\Console\Kernel->handle(Object(Symfony\Component\Console\Input\ArgvInput), Object(Symfony\Component\Console\Output\ConsoleOutput))
#13 {main}  
[2016-12-03 06:53:48] local.ERROR: exception 'PDOException' with message 'SQLSTATE[HY000] [1045] Access denied for user 'homestead'@'localhost' (using password: YES)' in C:\xampp\htdocs\MCMScraper\MCMScraper\vendor\laravel\framework\src\Illuminate\Database\Connectors\Connector.php:119
Stack trace:
#0 C:\xampp\htdocs\MCMScraper\MCMScraper\vendor\laravel\framework\src\Illuminate\Database\Connectors\Connector.php(119): PDO->__construct('mysql:host=127....', 'homestead', 'secret', Array)
#1 C:\xampp\htdocs\MCMScraper\MCMScraper\vendor\laravel\framework\src\Illuminate\Database\Connectors\Connector.php(56): Illuminate\Database\Connectors\Connector->createPdoConnection('mysql:host=127....', 'homestead', 'secret', Array)
#2 C:\xampp\htdocs\MCMScraper\MCMScraper\vendor\laravel\framework\src\Illuminate\Database\Connectors\MySqlConnector.php(24): Illuminate\Database\Connectors\Connector->createConnection('mysql:host=127....', Array, Array)
#3 C:\xampp\htdocs\MCMScraper\MCMScraper\vendor\laravel\framework\src\Illuminate\Database\Connectors\ConnectionFactory.php(126): Illuminate\Database\Connectors\MySqlConnector->connect(Array)
#4 [internal function]: Illuminate\Database\Connectors\ConnectionFactory->Illuminate\Database\Connectors\{closure}()
#5 C:\xampp\htdocs\MCMScraper\MCMScraper\vendor\laravel\framework\src\Illuminate\Database\Connection.php(964): call_user_func(Object(Closure))
#6 C:\xampp\htdocs\MCMScraper\MCMScraper\vendor\laravel\framework\src\Illuminate\Database\Connection.php(985): Illuminate\Database\Connection->getPdo()
#7 C:\xampp\htdocs\MCMScraper\MCMScraper\vendor\laravel\framework\src\Illuminate\Database\Connection.php(422): Illuminate\Database\Connection->getReadPdo()
#8 C:\xampp\htdocs\MCMScraper\MCMScraper\vendor\laravel\framework\src\Illuminate\Database\Connection.php(332): Illuminate\Database\Connection->getPdoForSelect(true)
#9 C:\xampp\htdocs\MCMScraper\MCMScraper\vendor\laravel\framework\src\Illuminate\Database\Connection.php(762): Illuminate\Database\Connection->Illuminate\Database\{closure}(Object(Illuminate\Database\MySqlConnection), 'select * from i...', Array)
#10 C:\xampp\htdocs\MCMScraper\MCMScraper\vendor\laravel\framework\src\Illuminate\Database\Connection.php(725): Illuminate\Database\Connection->runQueryCallback('select * from i...', Array, Object(Closure))
#11 C:\xampp\htdocs\MCMScraper\MCMScraper\vendor\laravel\framework\src\Illuminate\Database\Connection.php(350): Illuminate\Database\Connection->run('select * from i...', Array, Object(Closure))
#12 C:\xampp\htdocs\MCMScraper\MCMScraper\vendor\laravel\framework\src\Illuminate\Database\Schema\MySqlBuilder.php(21): Illuminate\Database\Connection->select('select * from i...', Array)
#13 C:\xampp\htdocs\MCMScraper\MCMScraper\vendor\laravel\framework\src\Illuminate\Database\Migrations\DatabaseMigrationRepository.php(156): Illuminate\Database\Schema\MySqlBuilder->hasTable('migrations')
#14 C:\xampp\htdocs\MCMScraper\MCMScraper\vendor\laravel\framework\src\Illuminate\Database\Migrations\Migrator.php(515): Illuminate\Database\Migrations\DatabaseMigrationRepository->repositoryExists()
#15 C:\xampp\htdocs\MCMScraper\MCMScraper\vendor\laravel\framework\src\Illuminate\Database\Console\Migrations\MigrateCommand.php(92): Illuminate\Database\Migrations\Migrator->repositoryExists()
#16 C:\xampp\htdocs\MCMScraper\MCMScraper\vendor\laravel\framework\src\Illuminate\Database\Console\Migrations\MigrateCommand.php(58): Illuminate\Database\Console\Migrations\MigrateCommand->prepareDatabase()
#17 [internal function]: Illuminate\Database\Console\Migrations\MigrateCommand->fire()
#18 C:\xampp\htdocs\MCMScraper\MCMScraper\vendor\laravel\framework\src\Illuminate\Container\Container.php(508): call_user_func_array(Array, Array)
#19 C:\xampp\htdocs\MCMScraper\MCMScraper\vendor\laravel\framework\src\Illuminate\Console\Command.php(169): Illuminate\Container\Container->call(Array)
#20 C:\xampp\htdocs\MCMScraper\MCMScraper\vendor\symfony\console\Command\Command.php(254): Illuminate\Console\Command->execute(Object(Symfony\Component\Console\Input\ArgvInput), Object(Symfony\Component\Console\Output\ConsoleOutput))
#21 C:\xampp\htdocs\MCMScraper\MCMScraper\vendor\laravel\framework\src\Illuminate\Console\Command.php(155): Symfony\Component\Console\Command\Command->run(Object(Symfony\Component\Console\Input\ArgvInput), Object(Symfony\Component\Console\Output\ConsoleOutput))
#22 C:\xampp\htdocs\MCMScraper\MCMScraper\vendor\symfony\console\Application.php(820): Illuminate\Console\Command->run(Object(Symfony\Component\Console\Input\ArgvInput), Object(Symfony\Component\Console\Output\ConsoleOutput))
#23 C:\xampp\htdocs\MCMScraper\MCMScraper\vendor\symfony\console\Application.php(187): Symfony\Component\Console\Application->doRunCommand(Object(Illuminate\Database\Console\Migrations\MigrateCommand), Object(Symfony\Component\Console\Input\ArgvInput), Object(Symfony\Component\Console\Output\ConsoleOutput))
#24 C:\xampp\htdocs\MCMScraper\MCMScraper\vendor\symfony\console\Application.php(118): Symfony\Component\Console\Application->doRun(Object(Symfony\Component\Console\Input\ArgvInput), Object(Symfony\Component\Console\Output\ConsoleOutput))
#25 C:\xampp\htdocs\MCMScraper\MCMScraper\vendor\laravel\framework\src\Illuminate\Foundation\Console\Kernel.php(121): Symfony\Component\Console\Application->run(Object(Symfony\Component\Console\Input\ArgvInput), Object(Symfony\Component\Console\Output\ConsoleOutput))
#26 C:\xampp\htdocs\MCMScraper\MCMScraper\artisan(36): Illuminate\Foundation\Console\Kernel->handle(Object(Symfony\Component\Console\Input\ArgvInput), Object(Symfony\Component\Console\Output\ConsoleOutput))
#27 {main}  
[2016-12-03 06:53:48] local.ERROR: exception 'PDOException' with message 'SQLSTATE[HY000] [1045] Access denied for user 'homestead'@'localhost' (using password: YES)' in C:\xampp\htdocs\MCMScraper\MCMScraper\vendor\laravel\framework\src\Illuminate\Database\Connectors\Connector.php:119
Stack trace:
#0 C:\xampp\htdocs\MCMScraper\MCMScraper\vendor\laravel\framework\src\Illuminate\Database\Connectors\Connector.php(119): PDO->__construct('mysql:host=127....', 'homestead', 'secret', Array)
#1 C:\xampp\htdocs\MCMScraper\MCMScraper\vendor\laravel\framework\src\Illuminate\Database\Connectors\Connector.php(56): Illuminate\Database\Connectors\Connector->createPdoConnection('mysql:host=127....', 'homestead', 'secret', Array)
#2 C:\xampp\htdocs\MCMScraper\MCMScraper\vendor\laravel\framework\src\Illuminate\Database\Connectors\MySqlConnector.php(24): Illuminate\Database\Connectors\Connector->createConnection('mysql:host=127....', Array, Array)
#3 C:\xampp\htdocs\MCMScraper\MCMScraper\vendor\laravel\framework\src\Illuminate\Database\Connectors\ConnectionFactory.php(126): Illuminate\Database\Connectors\MySqlConnector->connect(Array)
#4 [internal function]: Illuminate\Database\Connectors\ConnectionFactory->Illuminate\Database\Connectors\{closure}()
#5 C:\xampp\htdocs\MCMScraper\MCMScraper\vendor\laravel\framework\src\Illuminate\Database\Connection.php(964): call_user_func(Object(Closure))
#6 C:\xampp\htdocs\MCMScraper\MCMScraper\vendor\laravel\framework\src\Illuminate\Database\Connection.php(985): Illuminate\Database\Connection->getPdo()
#7 C:\xampp\htdocs\MCMScraper\MCMScraper\vendor\laravel\framework\src\Illuminate\Database\Connection.php(422): Illuminate\Database\Connection->getReadPdo()
#8 C:\xampp\htdocs\MCMScraper\MCMScraper\vendor\laravel\framework\src\Illuminate\Database\Connection.php(332): Illuminate\Database\Connection->getPdoForSelect(true)
#9 C:\xampp\htdocs\MCMScraper\MCMScraper\vendor\laravel\framework\src\Illuminate\Database\Connection.php(762): Illuminate\Database\Connection->Illuminate\Database\{closure}(Object(Illuminate\Database\MySqlConnection), 'select * from i...', Array)
#10 C:\xampp\htdocs\MCMScraper\MCMScraper\vendor\laravel\framework\src\Illuminate\Database\Connection.php(725): Illuminate\Database\Connection->runQueryCallback('select * from i...', Array, Object(Closure))
#11 C:\xampp\htdocs\MCMScraper\MCMScraper\vendor\laravel\framework\src\Illuminate\Database\Connection.php(350): Illuminate\Database\Connection->run('select * from i...', Array, Object(Closure))
#12 C:\xampp\htdocs\MCMScraper\MCMScraper\vendor\laravel\framework\src\Illuminate\Database\Schema\MySqlBuilder.php(21): Illuminate\Database\Connection->select('select * from i...', Array)
#13 C:\xampp\htdocs\MCMScraper\MCMScraper\vendor\laravel\framework\src\Illuminate\Database\Migrations\DatabaseMigrationRepository.php(156): Illuminate\Database\Schema\MySqlBuilder->hasTable('migrations')
#14 C:\xampp\htdocs\MCMScraper\MCMScraper\vendor\laravel\framework\src\Illuminate\Database\Migrations\Migrator.php(515): Illuminate\Database\Migrations\DatabaseMigrationRepository->repositoryExists()
#15 C:\xampp\htdocs\MCMScraper\MCMScraper\vendor\laravel\framework\src\Illuminate\Database\Console\Migrations\MigrateCommand.php(92): Illuminate\Database\Migrations\Migrator->repositoryExists()
#16 C:\xampp\htdocs\MCMScraper\MCMScraper\vendor\laravel\framework\src\Illuminate\Database\Console\Migrations\MigrateCommand.php(58): Illuminate\Database\Console\Migrations\MigrateCommand->prepareDatabase()
#17 [internal function]: Illuminate\Database\Console\Migrations\MigrateCommand->fire()
#18 C:\xampp\htdocs\MCMScraper\MCMScraper\vendor\laravel\framework\src\Illuminate\Container\Container.php(508): call_user_func_array(Array, Array)
#19 C:\xampp\htdocs\MCMScraper\MCMScraper\vendor\laravel\framework\src\Illuminate\Console\Command.php(169): Illuminate\Container\Container->call(Array)
#20 C:\xampp\htdocs\MCMScraper\MCMScraper\vendor\symfony\console\Command\Command.php(254): Illuminate\Console\Command->execute(Object(Symfony\Component\Console\Input\ArgvInput), Object(Symfony\Component\Console\Output\ConsoleOutput))
#21 C:\xampp\htdocs\MCMScraper\MCMScraper\vendor\laravel\framework\src\Illuminate\Console\Command.php(155): Symfony\Component\Console\Command\Command->run(Object(Symfony\Component\Console\Input\ArgvInput), Object(Symfony\Component\Console\Output\ConsoleOutput))
#22 C:\xampp\htdocs\MCMScraper\MCMScraper\vendor\symfony\console\Application.php(820): Illuminate\Console\Command->run(Object(Symfony\Component\Console\Input\ArgvInput), Object(Symfony\Component\Console\Output\ConsoleOutput))
#23 C:\xampp\htdocs\MCMScraper\MCMScraper\vendor\symfony\console\Application.php(187): Symfony\Component\Console\Application->doRunCommand(Object(Illuminate\Database\Console\Migrations\MigrateCommand), Object(Symfony\Component\Console\Input\ArgvInput), Object(Symfony\Component\Console\Output\ConsoleOutput))
#24 C:\xampp\htdocs\MCMScraper\MCMScraper\vendor\symfony\console\Application.php(118): Symfony\Component\Console\Application->doRun(Object(Symfony\Component\Console\Input\ArgvInput), Object(Symfony\Component\Console\Output\ConsoleOutput))
#25 C:\xampp\htdocs\MCMScraper\MCMScraper\vendor\laravel\framework\src\Illuminate\Foundation\Console\Kernel.php(121): Symfony\Component\Console\Application->run(Object(Symfony\Component\Console\Input\ArgvInput), Object(Symfony\Component\Console\Output\ConsoleOutput))
#26 C:\xampp\htdocs\MCMScraper\MCMScraper\artisan(36): Illuminate\Foundation\Console\Kernel->handle(Object(Symfony\Component\Console\Input\ArgvInput), Object(Symfony\Component\Console\Output\ConsoleOutput))
#27 {main}

Next exception 'Illuminate\Database\QueryException' with message 'SQLSTATE[HY000] [1045] Access denied for user 'homestead'@'localhost' (using password: YES) (SQL: select * from information_schema.tables where table_schema = homestead and table_name = migrations)' in C:\xampp\htdocs\MCMScraper\MCMScraper\vendor\laravel\framework\src\Illuminate\Database\Connection.php:769
Stack trace:
#0 C:\xampp\htdocs\MCMScraper\MCMScraper\vendor\laravel\framework\src\Illuminate\Database\Connection.php(725): Illuminate\Database\Connection->runQueryCallback('select * from i...', Array, Object(Closure))
#1 C:\xampp\htdocs\MCMScraper\MCMScraper\vendor\laravel\framework\src\Illuminate\Database\Connection.php(350): Illuminate\Database\Connection->run('select * from i...', Array, Object(Closure))
#2 C:\xampp\htdocs\MCMScraper\MCMScraper\vendor\laravel\framework\src\Illuminate\Database\Schema\MySqlBuilder.php(21): Illuminate\Database\Connection->select('select * from i...', Array)
#3 C:\xampp\htdocs\MCMScraper\MCMScraper\vendor\laravel\framework\src\Illuminate\Database\Migrations\DatabaseMigrationRepository.php(156): Illuminate\Database\Schema\MySqlBuilder->hasTable('migrations')
#4 C:\xampp\htdocs\MCMScraper\MCMScraper\vendor\laravel\framework\src\Illuminate\Database\Migrations\Migrator.php(515): Illuminate\Database\Migrations\DatabaseMigrationRepository->repositoryExists()
#5 C:\xampp\htdocs\MCMScraper\MCMScraper\vendor\laravel\framework\src\Illuminate\Database\Console\Migrations\MigrateCommand.php(92): Illuminate\Database\Migrations\Migrator->repositoryExists()
#6 C:\xampp\htdocs\MCMScraper\MCMScraper\vendor\laravel\framework\src\Illuminate\Database\Console\Migrations\MigrateCommand.php(58): Illuminate\Database\Console\Migrations\MigrateCommand->prepareDatabase()
#7 [internal function]: Illuminate\Database\Console\Migrations\MigrateCommand->fire()
#8 C:\xampp\htdocs\MCMScraper\MCMScraper\vendor\laravel\framework\src\Illuminate\Container\Container.php(508): call_user_func_array(Array, Array)
#9 C:\xampp\htdocs\MCMScraper\MCMScraper\vendor\laravel\framework\src\Illuminate\Console\Command.php(169): Illuminate\Container\Container->call(Array)
#10 C:\xampp\htdocs\MCMScraper\MCMScraper\vendor\symfony\console\Command\Command.php(254): Illuminate\Console\Command->execute(Object(Symfony\Component\Console\Input\ArgvInput), Object(Symfony\Component\Console\Output\ConsoleOutput))
#11 C:\xampp\htdocs\MCMScraper\MCMScraper\vendor\laravel\framework\src\Illuminate\Console\Command.php(155): Symfony\Component\Console\Command\Command->run(Object(Symfony\Component\Console\Input\ArgvInput), Object(Symfony\Component\Console\Output\ConsoleOutput))
#12 C:\xampp\htdocs\MCMScraper\MCMScraper\vendor\symfony\console\Application.php(820): Illuminate\Console\Command->run(Object(Symfony\Component\Console\Input\ArgvInput), Object(Symfony\Component\Console\Output\ConsoleOutput))
#13 C:\xampp\htdocs\MCMScraper\MCMScraper\vendor\symfony\console\Application.php(187): Symfony\Component\Console\Application->doRunCommand(Object(Illuminate\Database\Console\Migrations\MigrateCommand), Object(Symfony\Component\Console\Input\ArgvInput), Object(Symfony\Component\Console\Output\ConsoleOutput))
#14 C:\xampp\htdocs\MCMScraper\MCMScraper\vendor\symfony\console\Application.php(118): Symfony\Component\Console\Application->doRun(Object(Symfony\Component\Console\Input\ArgvInput), Object(Symfony\Component\Console\Output\ConsoleOutput))
#15 C:\xampp\htdocs\MCMScraper\MCMScraper\vendor\laravel\framework\src\Illuminate\Foundation\Console\Kernel.php(121): Symfony\Component\Console\Application->run(Object(Symfony\Component\Console\Input\ArgvInput), Object(Symfony\Component\Console\Output\ConsoleOutput))
#16 C:\xampp\htdocs\MCMScraper\MCMScraper\artisan(36): Illuminate\Foundation\Console\Kernel->handle(Object(Symfony\Component\Console\Input\ArgvInput), Object(Symfony\Component\Console\Output\ConsoleOutput))
#17 {main}  
[2016-12-03 07:01:58] local.ERROR: exception 'PDOException' with message 'SQLSTATE[42000]: Syntax error or access violation: 1064 You have an error in your SQL syntax; check the manual that corresponds to your MariaDB server version for the right syntax to use near 'json not null, `wishlisttype_id` int not null, `wishlist_resource_id` int not nu' at line 1' in C:\xampp\htdocs\MCMScraper\MCMScraper\vendor\laravel\framework\src\Illuminate\Database\Connection.php:475
Stack trace:
#0 C:\xampp\htdocs\MCMScraper\MCMScraper\vendor\laravel\framework\src\Illuminate\Database\Connection.php(475): PDO->prepare('create table `w...')
#1 C:\xampp\htdocs\MCMScraper\MCMScraper\vendor\laravel\framework\src\Illuminate\Database\Connection.php(762): Illuminate\Database\Connection->Illuminate\Database\{closure}(Object(Illuminate\Database\MySqlConnection), 'create table `w...', Array)
#2 C:\xampp\htdocs\MCMScraper\MCMScraper\vendor\laravel\framework\src\Illuminate\Database\Connection.php(725): Illuminate\Database\Connection->runQueryCallback('create table `w...', Array, Object(Closure))
#3 C:\xampp\htdocs\MCMScraper\MCMScraper\vendor\laravel\framework\src\Illuminate\Database\Connection.php(480): Illuminate\Database\Connection->run('create table `w...', Array, Object(Closure))
#4 C:\xampp\htdocs\MCMScraper\MCMScraper\vendor\laravel\framework\src\Illuminate\Database\Schema\Blueprint.php(83): Illuminate\Database\Connection->statement('create table `w...')
#5 C:\xampp\htdocs\MCMScraper\MCMScraper\vendor\laravel\framework\src\Illuminate\Database\Schema\Builder.php(229): Illuminate\Database\Schema\Blueprint->build(Object(Illuminate\Database\MySqlConnection), Object(Illuminate\Database\Schema\Grammars\MySqlGrammar))
#6 C:\xampp\htdocs\MCMScraper\MCMScraper\vendor\laravel\framework\src\Illuminate\Database\Schema\Builder.php(148): Illuminate\Database\Schema\Builder->build(Object(Illuminate\Database\Schema\Blueprint))
#7 C:\xampp\htdocs\MCMScraper\MCMScraper\vendor\laravel\framework\src\Illuminate\Support\Facades\Facade.php(237): Illuminate\Database\Schema\Builder->create('wishlists', Object(Closure))
#8 C:\xampp\htdocs\MCMScraper\MCMScraper\database\migrations\2016_12_03_060945_create_wishlists_table.php(23): Illuminate\Support\Facades\Facade::__callStatic('create', Array)
#9 C:\xampp\htdocs\MCMScraper\MCMScraper\database\migrations\2016_12_03_060945_create_wishlists_table.php(23): Illuminate\Support\Facades\Schema::create('wishlists', Object(Closure))
#10 C:\xampp\htdocs\MCMScraper\MCMScraper\vendor\laravel\framework\src\Illuminate\Database\Migrations\Migrator.php(373): CreateWishlistsTable->up()
#11 C:\xampp\htdocs\MCMScraper\MCMScraper\vendor\laravel\framework\src\Illuminate\Database\Migrations\Migrator.php(380): Illuminate\Database\Migrations\Migrator->Illuminate\Database\Migrations\{closure}()
#12 C:\xampp\htdocs\MCMScraper\MCMScraper\vendor\laravel\framework\src\Illuminate\Database\Migrations\Migrator.php(162): Illuminate\Database\Migrations\Migrator->runMigration(Object(CreateWishlistsTable), 'up')
#13 C:\xampp\htdocs\MCMScraper\MCMScraper\vendor\laravel\framework\src\Illuminate\Database\Migrations\Migrator.php(130): Illuminate\Database\Migrations\Migrator->runUp('C:\\xampp\\htdocs...', 1, false)
#14 C:\xampp\htdocs\MCMScraper\MCMScraper\vendor\laravel\framework\src\Illuminate\Database\Migrations\Migrator.php(97): Illuminate\Database\Migrations\Migrator->runMigrationList(Array, Array)
#15 C:\xampp\htdocs\MCMScraper\MCMScraper\vendor\laravel\framework\src\Illuminate\Database\Console\Migrations\MigrateCommand.php(66): Illuminate\Database\Migrations\Migrator->run(Array, Array)
#16 [internal function]: Illuminate\Database\Console\Migrations\MigrateCommand->fire()
#17 C:\xampp\htdocs\MCMScraper\MCMScraper\vendor\laravel\framework\src\Illuminate\Container\Container.php(508): call_user_func_array(Array, Array)
#18 C:\xampp\htdocs\MCMScraper\MCMScraper\vendor\laravel\framework\src\Illuminate\Console\Command.php(169): Illuminate\Container\Container->call(Array)
#19 C:\xampp\htdocs\MCMScraper\MCMScraper\vendor\symfony\console\Command\Command.php(254): Illuminate\Console\Command->execute(Object(Symfony\Component\Console\Input\ArgvInput), Object(Symfony\Component\Console\Output\ConsoleOutput))
#20 C:\xampp\htdocs\MCMScraper\MCMScraper\vendor\laravel\framework\src\Illuminate\Console\Command.php(155): Symfony\Component\Console\Command\Command->run(Object(Symfony\Component\Console\Input\ArgvInput), Object(Symfony\Component\Console\Output\ConsoleOutput))
#21 C:\xampp\htdocs\MCMScraper\MCMScraper\vendor\symfony\console\Application.php(820): Illuminate\Console\Command->run(Object(Symfony\Component\Console\Input\ArgvInput), Object(Symfony\Component\Console\Output\ConsoleOutput))
#22 C:\xampp\htdocs\MCMScraper\MCMScraper\vendor\symfony\console\Application.php(187): Symfony\Component\Console\Application->doRunCommand(Object(Illuminate\Database\Console\Migrations\MigrateCommand), Object(Symfony\Component\Console\Input\ArgvInput), Object(Symfony\Component\Console\Output\ConsoleOutput))
#23 C:\xampp\htdocs\MCMScraper\MCMScraper\vendor\symfony\console\Application.php(118): Symfony\Component\Console\Application->doRun(Object(Symfony\Component\Console\Input\ArgvInput), Object(Symfony\Component\Console\Output\ConsoleOutput))
#24 C:\xampp\htdocs\MCMScraper\MCMScraper\vendor\laravel\framework\src\Illuminate\Foundation\Console\Kernel.php(121): Symfony\Component\Console\Application->run(Object(Symfony\Component\Console\Input\ArgvInput), Object(Symfony\Component\Console\Output\ConsoleOutput))
#25 C:\xampp\htdocs\MCMScraper\MCMScraper\artisan(36): Illuminate\Foundation\Console\Kernel->handle(Object(Symfony\Component\Console\Input\ArgvInput), Object(Symfony\Component\Console\Output\ConsoleOutput))
#26 {main}

Next exception 'Illuminate\Database\QueryException' with message 'SQLSTATE[42000]: Syntax error or access violation: 1064 You have an error in your SQL syntax; check the manual that corresponds to your MariaDB server version for the right syntax to use near 'json not null, `wishlisttype_id` int not null, `wishlist_resource_id` int not nu' at line 1 (SQL: create table `wishlists` (`id` int unsigned not null auto_increment primary key, `users` json not null, `wishlisttype_id` int not null, `wishlist_resource_id` int not null, `active` tinyint(1) not null, `created_at` timestamp null, `updated_at` timestamp null) default character set utf8 collate utf8_unicode_ci)' in C:\xampp\htdocs\MCMScraper\MCMScraper\vendor\laravel\framework\src\Illuminate\Database\Connection.php:769
Stack trace:
#0 C:\xampp\htdocs\MCMScraper\MCMScraper\vendor\laravel\framework\src\Illuminate\Database\Connection.php(725): Illuminate\Database\Connection->runQueryCallback('create table `w...', Array, Object(Closure))
#1 C:\xampp\htdocs\MCMScraper\MCMScraper\vendor\laravel\framework\src\Illuminate\Database\Connection.php(480): Illuminate\Database\Connection->run('create table `w...', Array, Object(Closure))
#2 C:\xampp\htdocs\MCMScraper\MCMScraper\vendor\laravel\framework\src\Illuminate\Database\Schema\Blueprint.php(83): Illuminate\Database\Connection->statement('create table `w...')
#3 C:\xampp\htdocs\MCMScraper\MCMScraper\vendor\laravel\framework\src\Illuminate\Database\Schema\Builder.php(229): Illuminate\Database\Schema\Blueprint->build(Object(Illuminate\Database\MySqlConnection), Object(Illuminate\Database\Schema\Grammars\MySqlGrammar))
#4 C:\xampp\htdocs\MCMScraper\MCMScraper\vendor\laravel\framework\src\Illuminate\Database\Schema\Builder.php(148): Illuminate\Database\Schema\Builder->build(Object(Illuminate\Database\Schema\Blueprint))
#5 C:\xampp\htdocs\MCMScraper\MCMScraper\vendor\laravel\framework\src\Illuminate\Support\Facades\Facade.php(237): Illuminate\Database\Schema\Builder->create('wishlists', Object(Closure))
#6 C:\xampp\htdocs\MCMScraper\MCMScraper\database\migrations\2016_12_03_060945_create_wishlists_table.php(23): Illuminate\Support\Facades\Facade::__callStatic('create', Array)
#7 C:\xampp\htdocs\MCMScraper\MCMScraper\database\migrations\2016_12_03_060945_create_wishlists_table.php(23): Illuminate\Support\Facades\Schema::create('wishlists', Object(Closure))
#8 C:\xampp\htdocs\MCMScraper\MCMScraper\vendor\laravel\framework\src\Illuminate\Database\Migrations\Migrator.php(373): CreateWishlistsTable->up()
#9 C:\xampp\htdocs\MCMScraper\MCMScraper\vendor\laravel\framework\src\Illuminate\Database\Migrations\Migrator.php(380): Illuminate\Database\Migrations\Migrator->Illuminate\Database\Migrations\{closure}()
#10 C:\xampp\htdocs\MCMScraper\MCMScraper\vendor\laravel\framework\src\Illuminate\Database\Migrations\Migrator.php(162): Illuminate\Database\Migrations\Migrator->runMigration(Object(CreateWishlistsTable), 'up')
#11 C:\xampp\htdocs\MCMScraper\MCMScraper\vendor\laravel\framework\src\Illuminate\Database\Migrations\Migrator.php(130): Illuminate\Database\Migrations\Migrator->runUp('C:\\xampp\\htdocs...', 1, false)
#12 C:\xampp\htdocs\MCMScraper\MCMScraper\vendor\laravel\framework\src\Illuminate\Database\Migrations\Migrator.php(97): Illuminate\Database\Migrations\Migrator->runMigrationList(Array, Array)
#13 C:\xampp\htdocs\MCMScraper\MCMScraper\vendor\laravel\framework\src\Illuminate\Database\Console\Migrations\MigrateCommand.php(66): Illuminate\Database\Migrations\Migrator->run(Array, Array)
#14 [internal function]: Illuminate\Database\Console\Migrations\MigrateCommand->fire()
#15 C:\xampp\htdocs\MCMScraper\MCMScraper\vendor\laravel\framework\src\Illuminate\Container\Container.php(508): call_user_func_array(Array, Array)
#16 C:\xampp\htdocs\MCMScraper\MCMScraper\vendor\laravel\framework\src\Illuminate\Console\Command.php(169): Illuminate\Container\Container->call(Array)
#17 C:\xampp\htdocs\MCMScraper\MCMScraper\vendor\symfony\console\Command\Command.php(254): Illuminate\Console\Command->execute(Object(Symfony\Component\Console\Input\ArgvInput), Object(Symfony\Component\Console\Output\ConsoleOutput))
#18 C:\xampp\htdocs\MCMScraper\MCMScraper\vendor\laravel\framework\src\Illuminate\Console\Command.php(155): Symfony\Component\Console\Command\Command->run(Object(Symfony\Component\Console\Input\ArgvInput), Object(Symfony\Component\Console\Output\ConsoleOutput))
#19 C:\xampp\htdocs\MCMScraper\MCMScraper\vendor\symfony\console\Application.php(820): Illuminate\Console\Command->run(Object(Symfony\Component\Console\Input\ArgvInput), Object(Symfony\Component\Console\Output\ConsoleOutput))
#20 C:\xampp\htdocs\MCMScraper\MCMScraper\vendor\symfony\console\Application.php(187): Symfony\Component\Console\Application->doRunCommand(Object(Illuminate\Database\Console\Migrations\MigrateCommand), Object(Symfony\Component\Console\Input\ArgvInput), Object(Symfony\Component\Console\Output\ConsoleOutput))
#21 C:\xampp\htdocs\MCMScraper\MCMScraper\vendor\symfony\console\Application.php(118): Symfony\Component\Console\Application->doRun(Object(Symfony\Component\Console\Input\ArgvInput), Object(Symfony\Component\Console\Output\ConsoleOutput))
#22 C:\xampp\htdocs\MCMScraper\MCMScraper\vendor\laravel\framework\src\Illuminate\Foundation\Console\Kernel.php(121): Symfony\Component\Console\Application->run(Object(Symfony\Component\Console\Input\ArgvInput), Object(Symfony\Component\Console\Output\ConsoleOutput))
#23 C:\xampp\htdocs\MCMScraper\MCMScraper\artisan(36): Illuminate\Foundation\Console\Kernel->handle(Object(Symfony\Component\Console\Input\ArgvInput), Object(Symfony\Component\Console\Output\ConsoleOutput))
#24 {main}  
[2016-12-03 07:02:42] local.ERROR: exception 'Symfony\Component\Console\Exception\RuntimeException' with message 'Too many arguments, expected arguments "command".' in C:\xampp\htdocs\MCMScraper\MCMScraper\vendor\symfony\console\Input\ArgvInput.php:184
Stack trace:
#0 C:\xampp\htdocs\MCMScraper\MCMScraper\vendor\symfony\console\Input\ArgvInput.php(88): Symfony\Component\Console\Input\ArgvInput->parseArgument('reset')
#1 C:\xampp\htdocs\MCMScraper\MCMScraper\vendor\symfony\console\Input\Input.php(62): Symfony\Component\Console\Input\ArgvInput->parse()
#2 C:\xampp\htdocs\MCMScraper\MCMScraper\vendor\symfony\console\Command\Command.php(219): Symfony\Component\Console\Input\Input->bind(Object(Symfony\Component\Console\Input\InputDefinition))
#3 C:\xampp\htdocs\MCMScraper\MCMScraper\vendor\laravel\framework\src\Illuminate\Console\Command.php(155): Symfony\Component\Console\Command\Command->run(Object(Symfony\Component\Console\Input\ArgvInput), Object(Symfony\Component\Console\Output\ConsoleOutput))
#4 C:\xampp\htdocs\MCMScraper\MCMScraper\vendor\symfony\console\Application.php(820): Illuminate\Console\Command->run(Object(Symfony\Component\Console\Input\ArgvInput), Object(Symfony\Component\Console\Output\ConsoleOutput))
#5 C:\xampp\htdocs\MCMScraper\MCMScraper\vendor\symfony\console\Application.php(187): Symfony\Component\Console\Application->doRunCommand(Object(Illuminate\Database\Console\Migrations\MigrateCommand), Object(Symfony\Component\Console\Input\ArgvInput), Object(Symfony\Component\Console\Output\ConsoleOutput))
#6 C:\xampp\htdocs\MCMScraper\MCMScraper\vendor\symfony\console\Application.php(118): Symfony\Component\Console\Application->doRun(Object(Symfony\Component\Console\Input\ArgvInput), Object(Symfony\Component\Console\Output\ConsoleOutput))
#7 C:\xampp\htdocs\MCMScraper\MCMScraper\vendor\laravel\framework\src\Illuminate\Foundation\Console\Kernel.php(121): Symfony\Component\Console\Application->run(Object(Symfony\Component\Console\Input\ArgvInput), Object(Symfony\Component\Console\Output\ConsoleOutput))
#8 C:\xampp\htdocs\MCMScraper\MCMScraper\artisan(36): Illuminate\Foundation\Console\Kernel->handle(Object(Symfony\Component\Console\Input\ArgvInput), Object(Symfony\Component\Console\Output\ConsoleOutput))
#9 {main}  
[2016-12-03 07:02:51] local.ERROR: exception 'Symfony\Component\Console\Exception\CommandNotFoundException' with message 'Command "reset" is not defined.

Did you mean one of these?
    migrate:reset
    auth:clear-resets' in C:\xampp\htdocs\MCMScraper\MCMScraper\vendor\symfony\console\Application.php:536
Stack trace:
#0 C:\xampp\htdocs\MCMScraper\MCMScraper\vendor\symfony\console\Application.php(184): Symfony\Component\Console\Application->find('reset')
#1 C:\xampp\htdocs\MCMScraper\MCMScraper\vendor\symfony\console\Application.php(118): Symfony\Component\Console\Application->doRun(Object(Symfony\Component\Console\Input\ArgvInput), Object(Symfony\Component\Console\Output\ConsoleOutput))
#2 C:\xampp\htdocs\MCMScraper\MCMScraper\vendor\laravel\framework\src\Illuminate\Foundation\Console\Kernel.php(121): Symfony\Component\Console\Application->run(Object(Symfony\Component\Console\Input\ArgvInput), Object(Symfony\Component\Console\Output\ConsoleOutput))
#3 C:\xampp\htdocs\MCMScraper\MCMScraper\artisan(36): Illuminate\Foundation\Console\Kernel->handle(Object(Symfony\Component\Console\Input\ArgvInput), Object(Symfony\Component\Console\Output\ConsoleOutput))
#4 {main}  
[2016-12-04 02:49:47] local.ERROR: exception 'ReflectionException' with message 'Class MCMUserListScraper does not exist' in C:\xampp\htdocs\MCMScraper\MCMScraper\vendor\laravel\framework\src\Illuminate\Container\Container.php:749
Stack trace:
#0 C:\xampp\htdocs\MCMScraper\MCMScraper\vendor\laravel\framework\src\Illuminate\Container\Container.php(749): ReflectionClass->__construct('MCMUserListScra...')
#1 C:\xampp\htdocs\MCMScraper\MCMScraper\vendor\laravel\framework\src\Illuminate\Container\Container.php(644): Illuminate\Container\Container->build('MCMUserListScra...', Array)
#2 C:\xampp\htdocs\MCMScraper\MCMScraper\vendor\laravel\framework\src\Illuminate\Foundation\Application.php(709): Illuminate\Container\Container->make('MCMUserListScra...', Array)
#3 C:\xampp\htdocs\MCMScraper\MCMScraper\vendor\laravel\framework\src\Illuminate\Console\Application.php(148): Illuminate\Foundation\Application->make('MCMUserListScra...')
#4 C:\xampp\htdocs\MCMScraper\MCMScraper\vendor\laravel\framework\src\Illuminate\Console\Application.php(162): Illuminate\Console\Application->resolve('MCMUserListScra...')
#5 C:\xampp\htdocs\MCMScraper\MCMScraper\vendor\laravel\framework\src\Illuminate\Foundation\Console\Kernel.php(285): Illuminate\Console\Application->resolveCommands(Array)
#6 C:\xampp\htdocs\MCMScraper\MCMScraper\vendor\laravel\framework\src\Illuminate\Foundation\Console\Kernel.php(121): Illuminate\Foundation\Console\Kernel->getArtisan()
#7 C:\xampp\htdocs\MCMScraper\MCMScraper\artisan(36): Illuminate\Foundation\Console\Kernel->handle(Object(Symfony\Component\Console\Input\ArgvInput), Object(Symfony\Component\Console\Output\ConsoleOutput))
#8 {main}  
[2016-12-04 02:50:30] local.ERROR: exception 'ReflectionException' with message 'Class MCMUserListScraper does not exist' in C:\xampp\htdocs\MCMScraper\MCMScraper\vendor\laravel\framework\src\Illuminate\Container\Container.php:749
Stack trace:
#0 C:\xampp\htdocs\MCMScraper\MCMScraper\vendor\laravel\framework\src\Illuminate\Container\Container.php(749): ReflectionClass->__construct('MCMUserListScra...')
#1 C:\xampp\htdocs\MCMScraper\MCMScraper\vendor\laravel\framework\src\Illuminate\Container\Container.php(644): Illuminate\Container\Container->build('MCMUserListScra...', Array)
#2 C:\xampp\htdocs\MCMScraper\MCMScraper\vendor\laravel\framework\src\Illuminate\Foundation\Application.php(709): Illuminate\Container\Container->make('MCMUserListScra...', Array)
#3 C:\xampp\htdocs\MCMScraper\MCMScraper\vendor\laravel\framework\src\Illuminate\Console\Application.php(148): Illuminate\Foundation\Application->make('MCMUserListScra...')
#4 C:\xampp\htdocs\MCMScraper\MCMScraper\vendor\laravel\framework\src\Illuminate\Console\Application.php(162): Illuminate\Console\Application->resolve('MCMUserListScra...')
#5 C:\xampp\htdocs\MCMScraper\MCMScraper\vendor\laravel\framework\src\Illuminate\Foundation\Console\Kernel.php(285): Illuminate\Console\Application->resolveCommands(Array)
#6 C:\xampp\htdocs\MCMScraper\MCMScraper\vendor\laravel\framework\src\Illuminate\Foundation\Console\Kernel.php(121): Illuminate\Foundation\Console\Kernel->getArtisan()
#7 C:\xampp\htdocs\MCMScraper\MCMScraper\artisan(36): Illuminate\Foundation\Console\Kernel->handle(Object(Symfony\Component\Console\Input\ArgvInput), Object(Symfony\Component\Console\Output\ConsoleOutput))
#8 {main}  
[2016-12-04 02:52:31] local.ERROR: exception 'Symfony\Component\Debug\Exception\FatalErrorException' with message 'Class 'app\Classes\MCMUserListScraper' not found' in C:\xampp\htdocs\MCMScraper\MCMScraper\app\Console\Commands\UserListJob.php:43
Stack trace:
#0 {main}  
[2016-12-04 02:54:28] local.ERROR: exception 'Symfony\Component\Debug\Exception\FatalErrorException' with message 'Class 'app\Classes\scrapers\MCMUserListScraper' not found' in C:\xampp\htdocs\MCMScraper\MCMScraper\app\Console\Commands\UserListJob.php:43
Stack trace:
#0 {main}  
[2016-12-04 02:55:28] local.ERROR: exception 'Symfony\Component\Debug\Exception\FatalErrorException' with message 'Class 'app\Classes\MCMUserListScraper' not found' in C:\xampp\htdocs\MCMScraper\MCMScraper\app\Console\Commands\UserListJob.php:43
Stack trace:
#0 {main}  
[2016-12-04 03:00:35] local.ERROR: exception 'Symfony\Component\Debug\Exception\FatalErrorException' with message 'Class 'app\Classes\MCMUserListScraper' not found' in C:\xampp\htdocs\MCMScraper\MCMScraper\app\Console\Commands\UserListJob.php:43
Stack trace:
#0 {main}  
[2016-12-04 03:01:33] local.ERROR: exception 'Symfony\Component\Debug\Exception\FatalErrorException' with message 'Class 'app\Classes\MCMUserListScraper' not found' in C:\xampp\htdocs\MCMScraper\MCMScraper\app\Console\Commands\UserListJob.php:43
Stack trace:
#0 {main}  
[2016-12-04 03:58:05] local.ERROR: exception 'ErrorException' with message 'Argument 2 passed to DOMXPath::query() must be an instance of DOMNode, instance of DOMXPath given, called in C:\xampp\htdocs\MCMScraper\MCMScraper\app\Classes\parsers\UserTableParser.php on line 30 and defined' in C:\xampp\htdocs\MCMScraper\MCMScraper\app\Classes\parsers\AbstractParser.php:44
Stack trace:
#0 [internal function]: Illuminate\Foundation\Bootstrap\HandleExceptions->handleError(4096, 'Argument 2 pass...', 'C:\\xampp\\htdocs...', 44, Array)
#1 C:\xampp\htdocs\MCMScraper\MCMScraper\app\Classes\parsers\AbstractParser.php(44): DOMXPath->query('table[@class='M...', Object(DOMXPath))
#2 C:\xampp\htdocs\MCMScraper\MCMScraper\app\Classes\parsers\UserTableParser.php(30): app\Classes\AbstractParser->evalXPathQuery('table[@class='M...')
#3 C:\xampp\htdocs\MCMScraper\MCMScraper\app\Classes\scrapers\MCMUserListScraper.php(28): app\Classes\UserTableParser->doJob('<!DOCTYPE html>...')
#4 C:\xampp\htdocs\MCMScraper\MCMScraper\app\Console\Commands\UserListJob.php(45): app\Classes\MCMUserListScraper->getUserList()
#5 [internal function]: App\Console\Commands\UserListJob->handle()
#6 C:\xampp\htdocs\MCMScraper\MCMScraper\vendor\laravel\framework\src\Illuminate\Container\Container.php(508): call_user_func_array(Array, Array)
#7 C:\xampp\htdocs\MCMScraper\MCMScraper\vendor\laravel\framework\src\Illuminate\Console\Command.php(169): Illuminate\Container\Container->call(Array)
#8 C:\xampp\htdocs\MCMScraper\MCMScraper\vendor\symfony\console\Command\Command.php(254): Illuminate\Console\Command->execute(Object(Symfony\Component\Console\Input\ArgvInput), Object(Symfony\Component\Console\Output\ConsoleOutput))
#9 C:\xampp\htdocs\MCMScraper\MCMScraper\vendor\laravel\framework\src\Illuminate\Console\Command.php(155): Symfony\Component\Console\Command\Command->run(Object(Symfony\Component\Console\Input\ArgvInput), Object(Symfony\Component\Console\Output\ConsoleOutput))
#10 C:\xampp\htdocs\MCMScraper\MCMScraper\vendor\symfony\console\Application.php(820): Illuminate\Console\Command->run(Object(Symfony\Component\Console\Input\ArgvInput), Object(Symfony\Component\Console\Output\ConsoleOutput))
#11 C:\xampp\htdocs\MCMScraper\MCMScraper\vendor\symfony\console\Application.php(187): Symfony\Component\Console\Application->doRunCommand(Object(App\Console\Commands\UserListJob), Object(Symfony\Component\Console\Input\ArgvInput), Object(Symfony\Component\Console\Output\ConsoleOutput))
#12 C:\xampp\htdocs\MCMScraper\MCMScraper\vendor\symfony\console\Application.php(118): Symfony\Component\Console\Application->doRun(Object(Symfony\Component\Console\Input\ArgvInput), Object(Symfony\Component\Console\Output\ConsoleOutput))
#13 C:\xampp\htdocs\MCMScraper\MCMScraper\vendor\laravel\framework\src\Illuminate\Foundation\Console\Kernel.php(121): Symfony\Component\Console\Application->run(Object(Symfony\Component\Console\Input\ArgvInput), Object(Symfony\Component\Console\Output\ConsoleOutput))
#14 C:\xampp\htdocs\MCMScraper\MCMScraper\artisan(36): Illuminate\Foundation\Console\Kernel->handle(Object(Symfony\Component\Console\Input\ArgvInput), Object(Symfony\Component\Console\Output\ConsoleOutput))
#15 {main}  
[2016-12-04 04:01:44] local.ERROR: exception 'ErrorException' with message 'Undefined variable: Nodes' in C:\xampp\htdocs\MCMScraper\MCMScraper\app\Classes\parsers\UserTableParser.php:46
Stack trace:
#0 C:\xampp\htdocs\MCMScraper\MCMScraper\app\Classes\parsers\UserTableParser.php(46): Illuminate\Foundation\Bootstrap\HandleExceptions->handleError(8, 'Undefined varia...', 'C:\\xampp\\htdocs...', 46, Array)
#1 C:\xampp\htdocs\MCMScraper\MCMScraper\app\Classes\scrapers\MCMUserListScraper.php(28): app\Classes\UserTableParser->doJob('<!DOCTYPE html>...')
#2 C:\xampp\htdocs\MCMScraper\MCMScraper\app\Console\Commands\UserListJob.php(45): app\Classes\MCMUserListScraper->getUserList()
#3 [internal function]: App\Console\Commands\UserListJob->handle()
#4 C:\xampp\htdocs\MCMScraper\MCMScraper\vendor\laravel\framework\src\Illuminate\Container\Container.php(508): call_user_func_array(Array, Array)
#5 C:\xampp\htdocs\MCMScraper\MCMScraper\vendor\laravel\framework\src\Illuminate\Console\Command.php(169): Illuminate\Container\Container->call(Array)
#6 C:\xampp\htdocs\MCMScraper\MCMScraper\vendor\symfony\console\Command\Command.php(254): Illuminate\Console\Command->execute(Object(Symfony\Component\Console\Input\ArgvInput), Object(Symfony\Component\Console\Output\ConsoleOutput))
#7 C:\xampp\htdocs\MCMScraper\MCMScraper\vendor\laravel\framework\src\Illuminate\Console\Command.php(155): Symfony\Component\Console\Command\Command->run(Object(Symfony\Component\Console\Input\ArgvInput), Object(Symfony\Component\Console\Output\ConsoleOutput))
#8 C:\xampp\htdocs\MCMScraper\MCMScraper\vendor\symfony\console\Application.php(820): Illuminate\Console\Command->run(Object(Symfony\Component\Console\Input\ArgvInput), Object(Symfony\Component\Console\Output\ConsoleOutput))
#9 C:\xampp\htdocs\MCMScraper\MCMScraper\vendor\symfony\console\Application.php(187): Symfony\Component\Console\Application->doRunCommand(Object(App\Console\Commands\UserListJob), Object(Symfony\Component\Console\Input\ArgvInput), Object(Symfony\Component\Console\Output\ConsoleOutput))
#10 C:\xampp\htdocs\MCMScraper\MCMScraper\vendor\symfony\console\Application.php(118): Symfony\Component\Console\Application->doRun(Object(Symfony\Component\Console\Input\ArgvInput), Object(Symfony\Component\Console\Output\ConsoleOutput))
#11 C:\xampp\htdocs\MCMScraper\MCMScraper\vendor\laravel\framework\src\Illuminate\Foundation\Console\Kernel.php(121): Symfony\Component\Console\Application->run(Object(Symfony\Component\Console\Input\ArgvInput), Object(Symfony\Component\Console\Output\ConsoleOutput))
#12 C:\xampp\htdocs\MCMScraper\MCMScraper\artisan(36): Illuminate\Foundation\Console\Kernel->handle(Object(Symfony\Component\Console\Input\ArgvInput), Object(Symfony\Component\Console\Output\ConsoleOutput))
#13 {main}  
[2016-12-04 04:02:37] local.ERROR: exception 'ErrorException' with message 'Trying to get property of non-object' in C:\xampp\htdocs\MCMScraper\MCMScraper\app\Classes\parsers\UserTableParser.php:38
Stack trace:
#0 C:\xampp\htdocs\MCMScraper\MCMScraper\app\Classes\parsers\UserTableParser.php(38): Illuminate\Foundation\Bootstrap\HandleExceptions->handleError(8, 'Trying to get p...', 'C:\\xampp\\htdocs...', 38, Array)
#1 C:\xampp\htdocs\MCMScraper\MCMScraper\app\Classes\scrapers\MCMUserListScraper.php(28): app\Classes\UserTableParser->doJob('<!DOCTYPE html>...')
#2 C:\xampp\htdocs\MCMScraper\MCMScraper\app\Console\Commands\UserListJob.php(45): app\Classes\MCMUserListScraper->getUserList()
#3 [internal function]: App\Console\Commands\UserListJob->handle()
#4 C:\xampp\htdocs\MCMScraper\MCMScraper\vendor\laravel\framework\src\Illuminate\Container\Container.php(508): call_user_func_array(Array, Array)
#5 C:\xampp\htdocs\MCMScraper\MCMScraper\vendor\laravel\framework\src\Illuminate\Console\Command.php(169): Illuminate\Container\Container->call(Array)
#6 C:\xampp\htdocs\MCMScraper\MCMScraper\vendor\symfony\console\Command\Command.php(254): Illuminate\Console\Command->execute(Object(Symfony\Component\Console\Input\ArgvInput), Object(Symfony\Component\Console\Output\ConsoleOutput))
#7 C:\xampp\htdocs\MCMScraper\MCMScraper\vendor\laravel\framework\src\Illuminate\Console\Command.php(155): Symfony\Component\Console\Command\Command->run(Object(Symfony\Component\Console\Input\ArgvInput), Object(Symfony\Component\Console\Output\ConsoleOutput))
#8 C:\xampp\htdocs\MCMScraper\MCMScraper\vendor\symfony\console\Application.php(820): Illuminate\Console\Command->run(Object(Symfony\Component\Console\Input\ArgvInput), Object(Symfony\Component\Console\Output\ConsoleOutput))
#9 C:\xampp\htdocs\MCMScraper\MCMScraper\vendor\symfony\console\Application.php(187): Symfony\Component\Console\Application->doRunCommand(Object(App\Console\Commands\UserListJob), Object(Symfony\Component\Console\Input\ArgvInput), Object(Symfony\Component\Console\Output\ConsoleOutput))
#10 C:\xampp\htdocs\MCMScraper\MCMScraper\vendor\symfony\console\Application.php(118): Symfony\Component\Console\Application->doRun(Object(Symfony\Component\Console\Input\ArgvInput), Object(Symfony\Component\Console\Output\ConsoleOutput))
#11 C:\xampp\htdocs\MCMScraper\MCMScraper\vendor\laravel\framework\src\Illuminate\Foundation\Console\Kernel.php(121): Symfony\Component\Console\Application->run(Object(Symfony\Component\Console\Input\ArgvInput), Object(Symfony\Component\Console\Output\ConsoleOutput))
#12 C:\xampp\htdocs\MCMScraper\MCMScraper\artisan(36): Illuminate\Foundation\Console\Kernel->handle(Object(Symfony\Component\Console\Input\ArgvInput), Object(Symfony\Component\Console\Output\ConsoleOutput))
#13 {main}  
[2016-12-04 04:03:17] local.ERROR: exception 'ErrorException' with message 'Trying to get property of non-object' in C:\xampp\htdocs\MCMScraper\MCMScraper\app\Classes\parsers\UserTableParser.php:41
Stack trace:
#0 C:\xampp\htdocs\MCMScraper\MCMScraper\app\Classes\parsers\UserTableParser.php(41): Illuminate\Foundation\Bootstrap\HandleExceptions->handleError(8, 'Trying to get p...', 'C:\\xampp\\htdocs...', 41, Array)
#1 C:\xampp\htdocs\MCMScraper\MCMScraper\app\Classes\scrapers\MCMUserListScraper.php(28): app\Classes\UserTableParser->doJob('<!DOCTYPE html>...')
#2 C:\xampp\htdocs\MCMScraper\MCMScraper\app\Console\Commands\UserListJob.php(45): app\Classes\MCMUserListScraper->getUserList()
#3 [internal function]: App\Console\Commands\UserListJob->handle()
#4 C:\xampp\htdocs\MCMScraper\MCMScraper\vendor\laravel\framework\src\Illuminate\Container\Container.php(508): call_user_func_array(Array, Array)
#5 C:\xampp\htdocs\MCMScraper\MCMScraper\vendor\laravel\framework\src\Illuminate\Console\Command.php(169): Illuminate\Container\Container->call(Array)
#6 C:\xampp\htdocs\MCMScraper\MCMScraper\vendor\symfony\console\Command\Command.php(254): Illuminate\Console\Command->execute(Object(Symfony\Component\Console\Input\ArgvInput), Object(Symfony\Component\Console\Output\ConsoleOutput))
#7 C:\xampp\htdocs\MCMScraper\MCMScraper\vendor\laravel\framework\src\Illuminate\Console\Command.php(155): Symfony\Component\Console\Command\Command->run(Object(Symfony\Component\Console\Input\ArgvInput), Object(Symfony\Component\Console\Output\ConsoleOutput))
#8 C:\xampp\htdocs\MCMScraper\MCMScraper\vendor\symfony\console\Application.php(820): Illuminate\Console\Command->run(Object(Symfony\Component\Console\Input\ArgvInput), Object(Symfony\Component\Console\Output\ConsoleOutput))
#9 C:\xampp\htdocs\MCMScraper\MCMScraper\vendor\symfony\console\Application.php(187): Symfony\Component\Console\Application->doRunCommand(Object(App\Console\Commands\UserListJob), Object(Symfony\Component\Console\Input\ArgvInput), Object(Symfony\Component\Console\Output\ConsoleOutput))
#10 C:\xampp\htdocs\MCMScraper\MCMScraper\vendor\symfony\console\Application.php(118): Symfony\Component\Console\Application->doRun(Object(Symfony\Component\Console\Input\ArgvInput), Object(Symfony\Component\Console\Output\ConsoleOutput))
#11 C:\xampp\htdocs\MCMScraper\MCMScraper\vendor\laravel\framework\src\Illuminate\Foundation\Console\Kernel.php(121): Symfony\Component\Console\Application->run(Object(Symfony\Component\Console\Input\ArgvInput), Object(Symfony\Component\Console\Output\ConsoleOutput))
#12 C:\xampp\htdocs\MCMScraper\MCMScraper\artisan(36): Illuminate\Foundation\Console\Kernel->handle(Object(Symfony\Component\Console\Input\ArgvInput), Object(Symfony\Component\Console\Output\ConsoleOutput))
#13 {main}  
[2016-12-04 04:03:55] local.ERROR: exception 'ErrorException' with message 'Trying to get property of non-object' in C:\xampp\htdocs\MCMScraper\MCMScraper\app\Classes\parsers\UserTableParser.php:43
Stack trace:
#0 C:\xampp\htdocs\MCMScraper\MCMScraper\app\Classes\parsers\UserTableParser.php(43): Illuminate\Foundation\Bootstrap\HandleExceptions->handleError(8, 'Trying to get p...', 'C:\\xampp\\htdocs...', 43, Array)
#1 C:\xampp\htdocs\MCMScraper\MCMScraper\app\Classes\scrapers\MCMUserListScraper.php(28): app\Classes\UserTableParser->doJob('<!DOCTYPE html>...')
#2 C:\xampp\htdocs\MCMScraper\MCMScraper\app\Console\Commands\UserListJob.php(45): app\Classes\MCMUserListScraper->getUserList()
#3 [internal function]: App\Console\Commands\UserListJob->handle()
#4 C:\xampp\htdocs\MCMScraper\MCMScraper\vendor\laravel\framework\src\Illuminate\Container\Container.php(508): call_user_func_array(Array, Array)
#5 C:\xampp\htdocs\MCMScraper\MCMScraper\vendor\laravel\framework\src\Illuminate\Console\Command.php(169): Illuminate\Container\Container->call(Array)
#6 C:\xampp\htdocs\MCMScraper\MCMScraper\vendor\symfony\console\Command\Command.php(254): Illuminate\Console\Command->execute(Object(Symfony\Component\Console\Input\ArgvInput), Object(Symfony\Component\Console\Output\ConsoleOutput))
#7 C:\xampp\htdocs\MCMScraper\MCMScraper\vendor\laravel\framework\src\Illuminate\Console\Command.php(155): Symfony\Component\Console\Command\Command->run(Object(Symfony\Component\Console\Input\ArgvInput), Object(Symfony\Component\Console\Output\ConsoleOutput))
#8 C:\xampp\htdocs\MCMScraper\MCMScraper\vendor\symfony\console\Application.php(820): Illuminate\Console\Command->run(Object(Symfony\Component\Console\Input\ArgvInput), Object(Symfony\Component\Console\Output\ConsoleOutput))
#9 C:\xampp\htdocs\MCMScraper\MCMScraper\vendor\symfony\console\Application.php(187): Symfony\Component\Console\Application->doRunCommand(Object(App\Console\Commands\UserListJob), Object(Symfony\Component\Console\Input\ArgvInput), Object(Symfony\Component\Console\Output\ConsoleOutput))
#10 C:\xampp\htdocs\MCMScraper\MCMScraper\vendor\symfony\console\Application.php(118): Symfony\Component\Console\Application->doRun(Object(Symfony\Component\Console\Input\ArgvInput), Object(Symfony\Component\Console\Output\ConsoleOutput))
#11 C:\xampp\htdocs\MCMScraper\MCMScraper\vendor\laravel\framework\src\Illuminate\Foundation\Console\Kernel.php(121): Symfony\Component\Console\Application->run(Object(Symfony\Component\Console\Input\ArgvInput), Object(Symfony\Component\Console\Output\ConsoleOutput))
#12 C:\xampp\htdocs\MCMScraper\MCMScraper\artisan(36): Illuminate\Foundation\Console\Kernel->handle(Object(Symfony\Component\Console\Input\ArgvInput), Object(Symfony\Component\Console\Output\ConsoleOutput))
#13 {main}  
[2016-12-04 04:05:30] local.ERROR: exception 'ErrorException' with message 'Trying to get property of non-object' in C:\xampp\htdocs\MCMScraper\MCMScraper\app\Classes\parsers\UserTableParser.php:37
Stack trace:
#0 C:\xampp\htdocs\MCMScraper\MCMScraper\app\Classes\parsers\UserTableParser.php(37): Illuminate\Foundation\Bootstrap\HandleExceptions->handleError(8, 'Trying to get p...', 'C:\\xampp\\htdocs...', 37, Array)
#1 C:\xampp\htdocs\MCMScraper\MCMScraper\app\Classes\scrapers\MCMUserListScraper.php(28): app\Classes\UserTableParser->doJob('<!DOCTYPE html>...')
#2 C:\xampp\htdocs\MCMScraper\MCMScraper\app\Console\Commands\UserListJob.php(45): app\Classes\MCMUserListScraper->getUserList()
#3 [internal function]: App\Console\Commands\UserListJob->handle()
#4 C:\xampp\htdocs\MCMScraper\MCMScraper\vendor\laravel\framework\src\Illuminate\Container\Container.php(508): call_user_func_array(Array, Array)
#5 C:\xampp\htdocs\MCMScraper\MCMScraper\vendor\laravel\framework\src\Illuminate\Console\Command.php(169): Illuminate\Container\Container->call(Array)
#6 C:\xampp\htdocs\MCMScraper\MCMScraper\vendor\symfony\console\Command\Command.php(254): Illuminate\Console\Command->execute(Object(Symfony\Component\Console\Input\ArgvInput), Object(Symfony\Component\Console\Output\ConsoleOutput))
#7 C:\xampp\htdocs\MCMScraper\MCMScraper\vendor\laravel\framework\src\Illuminate\Console\Command.php(155): Symfony\Component\Console\Command\Command->run(Object(Symfony\Component\Console\Input\ArgvInput), Object(Symfony\Component\Console\Output\ConsoleOutput))
#8 C:\xampp\htdocs\MCMScraper\MCMScraper\vendor\symfony\console\Application.php(820): Illuminate\Console\Command->run(Object(Symfony\Component\Console\Input\ArgvInput), Object(Symfony\Component\Console\Output\ConsoleOutput))
#9 C:\xampp\htdocs\MCMScraper\MCMScraper\vendor\symfony\console\Application.php(187): Symfony\Component\Console\Application->doRunCommand(Object(App\Console\Commands\UserListJob), Object(Symfony\Component\Console\Input\ArgvInput), Object(Symfony\Component\Console\Output\ConsoleOutput))
#10 C:\xampp\htdocs\MCMScraper\MCMScraper\vendor\symfony\console\Application.php(118): Symfony\Component\Console\Application->doRun(Object(Symfony\Component\Console\Input\ArgvInput), Object(Symfony\Component\Console\Output\ConsoleOutput))
#11 C:\xampp\htdocs\MCMScraper\MCMScraper\vendor\laravel\framework\src\Illuminate\Foundation\Console\Kernel.php(121): Symfony\Component\Console\Application->run(Object(Symfony\Component\Console\Input\ArgvInput), Object(Symfony\Component\Console\Output\ConsoleOutput))
#12 C:\xampp\htdocs\MCMScraper\MCMScraper\artisan(36): Illuminate\Foundation\Console\Kernel->handle(Object(Symfony\Component\Console\Input\ArgvInput), Object(Symfony\Component\Console\Output\ConsoleOutput))
#13 {main}  
[2016-12-04 22:49:42] local.ERROR: exception 'ErrorException' with message 'Trying to get property of non-object' in C:\xampp\htdocs\MCMScraper\MCMScraper\app\Classes\parsers\UserTableParser.php:38
Stack trace:
#0 C:\xampp\htdocs\MCMScraper\MCMScraper\app\Classes\parsers\UserTableParser.php(38): Illuminate\Foundation\Bootstrap\HandleExceptions->handleError(8, 'Trying to get p...', 'C:\\xampp\\htdocs...', 38, Array)
#1 C:\xampp\htdocs\MCMScraper\MCMScraper\app\Classes\scrapers\MCMUserListScraper.php(28): app\Classes\UserTableParser->doJob('<!DOCTYPE html>...')
#2 C:\xampp\htdocs\MCMScraper\MCMScraper\app\Console\Commands\UserListJob.php(45): app\Classes\MCMUserListScraper->getUserList()
#3 [internal function]: App\Console\Commands\UserListJob->handle()
#4 C:\xampp\htdocs\MCMScraper\MCMScraper\vendor\laravel\framework\src\Illuminate\Container\Container.php(508): call_user_func_array(Array, Array)
#5 C:\xampp\htdocs\MCMScraper\MCMScraper\vendor\laravel\framework\src\Illuminate\Console\Command.php(169): Illuminate\Container\Container->call(Array)
#6 C:\xampp\htdocs\MCMScraper\MCMScraper\vendor\symfony\console\Command\Command.php(254): Illuminate\Console\Command->execute(Object(Symfony\Component\Console\Input\ArgvInput), Object(Symfony\Component\Console\Output\ConsoleOutput))
#7 C:\xampp\htdocs\MCMScraper\MCMScraper\vendor\laravel\framework\src\Illuminate\Console\Command.php(155): Symfony\Component\Console\Command\Command->run(Object(Symfony\Component\Console\Input\ArgvInput), Object(Symfony\Component\Console\Output\ConsoleOutput))
#8 C:\xampp\htdocs\MCMScraper\MCMScraper\vendor\symfony\console\Application.php(820): Illuminate\Console\Command->run(Object(Symfony\Component\Console\Input\ArgvInput), Object(Symfony\Component\Console\Output\ConsoleOutput))
#9 C:\xampp\htdocs\MCMScraper\MCMScraper\vendor\symfony\console\Application.php(187): Symfony\Component\Console\Application->doRunCommand(Object(App\Console\Commands\UserListJob), Object(Symfony\Component\Console\Input\ArgvInput), Object(Symfony\Component\Console\Output\ConsoleOutput))
#10 C:\xampp\htdocs\MCMScraper\MCMScraper\vendor\symfony\console\Application.php(118): Symfony\Component\Console\Application->doRun(Object(Symfony\Component\Console\Input\ArgvInput), Object(Symfony\Component\Console\Output\ConsoleOutput))
#11 C:\xampp\htdocs\MCMScraper\MCMScraper\vendor\laravel\framework\src\Illuminate\Foundation\Console\Kernel.php(121): Symfony\Component\Console\Application->run(Object(Symfony\Component\Console\Input\ArgvInput), Object(Symfony\Component\Console\Output\ConsoleOutput))
#12 C:\xampp\htdocs\MCMScraper\MCMScraper\artisan(36): Illuminate\Foundation\Console\Kernel->handle(Object(Symfony\Component\Console\Input\ArgvInput), Object(Symfony\Component\Console\Output\ConsoleOutput))
#13 {main}  
[2016-12-04 22:57:12] local.ERROR: exception 'ErrorException' with message 'Trying to get property of non-object' in C:\xampp\htdocs\MCMScraper\MCMScraper\app\Classes\parsers\UserTableParser.php:36
Stack trace:
#0 C:\xampp\htdocs\MCMScraper\MCMScraper\app\Classes\parsers\UserTableParser.php(36): Illuminate\Foundation\Bootstrap\HandleExceptions->handleError(8, 'Trying to get p...', 'C:\\xampp\\htdocs...', 36, Array)
#1 C:\xampp\htdocs\MCMScraper\MCMScraper\app\Classes\scrapers\MCMUserListScraper.php(28): app\Classes\UserTableParser->doJob('<!DOCTYPE html>...')
#2 C:\xampp\htdocs\MCMScraper\MCMScraper\app\Console\Commands\UserListJob.php(45): app\Classes\MCMUserListScraper->getUserList()
#3 [internal function]: App\Console\Commands\UserListJob->handle()
#4 C:\xampp\htdocs\MCMScraper\MCMScraper\vendor\laravel\framework\src\Illuminate\Container\Container.php(508): call_user_func_array(Array, Array)
#5 C:\xampp\htdocs\MCMScraper\MCMScraper\vendor\laravel\framework\src\Illuminate\Console\Command.php(169): Illuminate\Container\Container->call(Array)
#6 C:\xampp\htdocs\MCMScraper\MCMScraper\vendor\symfony\console\Command\Command.php(254): Illuminate\Console\Command->execute(Object(Symfony\Component\Console\Input\ArgvInput), Object(Symfony\Component\Console\Output\ConsoleOutput))
#7 C:\xampp\htdocs\MCMScraper\MCMScraper\vendor\laravel\framework\src\Illuminate\Console\Command.php(155): Symfony\Component\Console\Command\Command->run(Object(Symfony\Component\Console\Input\ArgvInput), Object(Symfony\Component\Console\Output\ConsoleOutput))
#8 C:\xampp\htdocs\MCMScraper\MCMScraper\vendor\symfony\console\Application.php(820): Illuminate\Console\Command->run(Object(Symfony\Component\Console\Input\ArgvInput), Object(Symfony\Component\Console\Output\ConsoleOutput))
#9 C:\xampp\htdocs\MCMScraper\MCMScraper\vendor\symfony\console\Application.php(187): Symfony\Component\Console\Application->doRunCommand(Object(App\Console\Commands\UserListJob), Object(Symfony\Component\Console\Input\ArgvInput), Object(Symfony\Component\Console\Output\ConsoleOutput))
#10 C:\xampp\htdocs\MCMScraper\MCMScraper\vendor\symfony\console\Application.php(118): Symfony\Component\Console\Application->doRun(Object(Symfony\Component\Console\Input\ArgvInput), Object(Symfony\Component\Console\Output\ConsoleOutput))
#11 C:\xampp\htdocs\MCMScraper\MCMScraper\vendor\laravel\framework\src\Illuminate\Foundation\Console\Kernel.php(121): Symfony\Component\Console\Application->run(Object(Symfony\Component\Console\Input\ArgvInput), Object(Symfony\Component\Console\Output\ConsoleOutput))
#12 C:\xampp\htdocs\MCMScraper\MCMScraper\artisan(36): Illuminate\Foundation\Console\Kernel->handle(Object(Symfony\Component\Console\Input\ArgvInput), Object(Symfony\Component\Console\Output\ConsoleOutput))
#13 {main}  
[2016-12-04 23:32:16] local.ERROR: exception 'ErrorException' with message 'Argument 2 passed to Symfony\Component\HttpFoundation\Request::createRequestFromFactory() must be of the type array, string given, called in C:\xampp\htdocs\MCMScraper\MCMScraper\vendor\symfony\http-foundation\Request.php on line 398 and defined' in C:\xampp\htdocs\MCMScraper\MCMScraper\vendor\symfony\http-foundation\Request.php:1927
Stack trace:
#0 C:\xampp\htdocs\MCMScraper\MCMScraper\vendor\symfony\http-foundation\Request.php(1927): Illuminate\Foundation\Bootstrap\HandleExceptions->handleError(4096, 'Argument 2 pass...', 'C:\\xampp\\htdocs...', 1927, Array)
#1 C:\xampp\htdocs\MCMScraper\MCMScraper\vendor\symfony\http-foundation\Request.php(398): Symfony\Component\HttpFoundation\Request::createRequestFromFactory(Array, '[{"active":1,"u...', Array, Array, Array, Array, NULL)
#2 C:\xampp\htdocs\MCMScraper\MCMScraper\app\Console\Commands\UserListJob.php(48): Symfony\Component\HttpFoundation\Request::create('api/mcmuser/upd...', 'POST', '[{"active":1,"u...')
#3 [internal function]: App\Console\Commands\UserListJob->handle()
#4 C:\xampp\htdocs\MCMScraper\MCMScraper\vendor\laravel\framework\src\Illuminate\Container\Container.php(508): call_user_func_array(Array, Array)
#5 C:\xampp\htdocs\MCMScraper\MCMScraper\vendor\laravel\framework\src\Illuminate\Console\Command.php(169): Illuminate\Container\Container->call(Array)
#6 C:\xampp\htdocs\MCMScraper\MCMScraper\vendor\symfony\console\Command\Command.php(254): Illuminate\Console\Command->execute(Object(Symfony\Component\Console\Input\ArgvInput), Object(Symfony\Component\Console\Output\ConsoleOutput))
#7 C:\xampp\htdocs\MCMScraper\MCMScraper\vendor\laravel\framework\src\Illuminate\Console\Command.php(155): Symfony\Component\Console\Command\Command->run(Object(Symfony\Component\Console\Input\ArgvInput), Object(Symfony\Component\Console\Output\ConsoleOutput))
#8 C:\xampp\htdocs\MCMScraper\MCMScraper\vendor\symfony\console\Application.php(820): Illuminate\Console\Command->run(Object(Symfony\Component\Console\Input\ArgvInput), Object(Symfony\Component\Console\Output\ConsoleOutput))
#9 C:\xampp\htdocs\MCMScraper\MCMScraper\vendor\symfony\console\Application.php(187): Symfony\Component\Console\Application->doRunCommand(Object(App\Console\Commands\UserListJob), Object(Symfony\Component\Console\Input\ArgvInput), Object(Symfony\Component\Console\Output\ConsoleOutput))
#10 C:\xampp\htdocs\MCMScraper\MCMScraper\vendor\symfony\console\Application.php(118): Symfony\Component\Console\Application->doRun(Object(Symfony\Component\Console\Input\ArgvInput), Object(Symfony\Component\Console\Output\ConsoleOutput))
#11 C:\xampp\htdocs\MCMScraper\MCMScraper\vendor\laravel\framework\src\Illuminate\Foundation\Console\Kernel.php(121): Symfony\Component\Console\Application->run(Object(Symfony\Component\Console\Input\ArgvInput), Object(Symfony\Component\Console\Output\ConsoleOutput))
#12 C:\xampp\htdocs\MCMScraper\MCMScraper\artisan(36): Illuminate\Foundation\Console\Kernel->handle(Object(Symfony\Component\Console\Input\ArgvInput), Object(Symfony\Component\Console\Output\ConsoleOutput))
#13 {main}  
